2021-03-09 16:38:14.560  INFO [main] [] i.g.s.SpringBootPlusApplication          55 : Starting SpringBootPlusApplication on liubingnadeMacBook-Pro.local with PID 4983 (/Users/liubingna/nana/java/projects/spring-boot-plus/bootstrap/target/classes started by liubingna in /Users/liubingna/nana/java/projects/spring-boot-plus)
2021-03-09 16:38:14.562 DEBUG [main] [] i.g.s.SpringBootPlusApplication          56 : Running with Spring Boot v2.2.5.RELEASE, Spring v5.2.4.RELEASE
2021-03-09 16:38:14.562  INFO [main] [] i.g.s.SpringBootPlusApplication          655 : The following profiles are active: dev
2021-03-09 16:38:15.995  INFO [main] [] .s.d.r.c.RepositoryConfigurationDelegate 249 : Multiple Spring Data modules found, entering strict repository configuration mode!
2021-03-09 16:38:16.000  INFO [main] [] .s.d.r.c.RepositoryConfigurationDelegate 127 : Bootstrapping Spring Data Redis repositories in DEFAULT mode.
2021-03-09 16:38:16.113  INFO [main] [] .s.d.r.c.RepositoryConfigurationDelegate 187 : Finished Spring Data repository scanning in 57ms. Found 0 Redis repository interfaces.
2021-03-09 16:38:16.425  INFO [main] [] trationDelegate$BeanPostProcessorChecker 330 : Bean 'shiroConfig' of type [io.geekidea.springbootplus.config.ShiroConfig$$EnhancerBySpringCGLIB$$a74fec14] is not eligible for getting processed by all BeanPostProcessors (for example: not eligible for auto-proxying)
2021-03-09 16:38:16.497  INFO [main] [] trationDelegate$BeanPostProcessorChecker 330 : Bean 'jwtProperties' of type [io.geekidea.springbootplus.config.properties.JwtProperties] is not eligible for getting processed by all BeanPostProcessors (for example: not eligible for auto-proxying)
2021-03-09 16:38:16.499  INFO [main] [] trationDelegate$BeanPostProcessorChecker 330 : Bean 'redisTemplateConfig' of type [io.geekidea.springbootplus.config.RedisTemplateConfig$$EnhancerBySpringCGLIB$$c81ed0b8] is not eligible for getting processed by all BeanPostProcessors (for example: not eligible for auto-proxying)
2021-03-09 16:38:16.507  INFO [main] [] trationDelegate$BeanPostProcessorChecker 330 : Bean 'spring.redis-org.springframework.boot.autoconfigure.data.redis.RedisProperties' of type [org.springframework.boot.autoconfigure.data.redis.RedisProperties] is not eligible for getting processed by all BeanPostProcessors (for example: not eligible for auto-proxying)
2021-03-09 16:38:16.510  INFO [main] [] trationDelegate$BeanPostProcessorChecker 330 : Bean 'org.springframework.boot.autoconfigure.data.redis.LettuceConnectionConfiguration' of type [org.springframework.boot.autoconfigure.data.redis.LettuceConnectionConfiguration] is not eligible for getting processed by all BeanPostProcessors (for example: not eligible for auto-proxying)
2021-03-09 16:38:16.624  INFO [main] [] trationDelegate$BeanPostProcessorChecker 330 : Bean 'lettuceClientResources' of type [io.lettuce.core.resource.DefaultClientResources] is not eligible for getting processed by all BeanPostProcessors (for example: not eligible for auto-proxying)
2021-03-09 16:38:16.759  INFO [main] [] trationDelegate$BeanPostProcessorChecker 330 : Bean 'redisConnectionFactory' of type [org.springframework.data.redis.connection.lettuce.LettuceConnectionFactory] is not eligible for getting processed by all BeanPostProcessors (for example: not eligible for auto-proxying)
2021-03-09 16:38:16.923  INFO [main] [] trationDelegate$BeanPostProcessorChecker 330 : Bean 'redisTemplate' of type [org.springframework.data.redis.core.RedisTemplate] is not eligible for getting processed by all BeanPostProcessors (for example: not eligible for auto-proxying)
2021-03-09 16:38:16.923  INFO [main] [] trationDelegate$BeanPostProcessorChecker 330 : Bean 'loginRedisServiceImpl' of type [io.geekidea.springbootplus.framework.shiro.cache.impl.LoginRedisServiceImpl] is not eligible for getting processed by all BeanPostProcessors (for example: not eligible for auto-proxying)
2021-03-09 16:38:17.103  INFO [main] [] trationDelegate$BeanPostProcessorChecker 330 : Bean 'credentialsMatcher' of type [io.geekidea.springbootplus.framework.shiro.jwt.JwtCredentialsMatcher] is not eligible for getting processed by all BeanPostProcessors (for example: not eligible for auto-proxying)
2021-03-09 16:38:17.106  INFO [main] [] trationDelegate$BeanPostProcessorChecker 330 : Bean 'jwtRealm' of type [io.geekidea.springbootplus.framework.shiro.jwt.JwtRealm] is not eligible for getting processed by all BeanPostProcessors (for example: not eligible for auto-proxying)
2021-03-09 16:38:17.107  INFO [main] [] trationDelegate$BeanPostProcessorChecker 330 : Bean 'sessionStorageEvaluator' of type [org.apache.shiro.web.mgt.DefaultWebSessionStorageEvaluator] is not eligible for getting processed by all BeanPostProcessors (for example: not eligible for auto-proxying)
2021-03-09 16:38:17.107  INFO [main] [] trationDelegate$BeanPostProcessorChecker 330 : Bean 'subjectDAO' of type [org.apache.shiro.mgt.DefaultSubjectDAO] is not eligible for getting processed by all BeanPostProcessors (for example: not eligible for auto-proxying)
2021-03-09 16:38:17.110  INFO [main] [] trationDelegate$BeanPostProcessorChecker 330 : Bean 'securityManager' of type [org.apache.shiro.web.mgt.DefaultWebSecurityManager] is not eligible for getting processed by all BeanPostProcessors (for example: not eligible for auto-proxying)
2021-03-09 16:38:17.147  INFO [main] [] trationDelegate$BeanPostProcessorChecker 330 : Bean 'shiroLoginServiceImpl' of type [io.geekidea.springbootplus.framework.shiro.service.impl.ShiroLoginServiceImpl] is not eligible for getting processed by all BeanPostProcessors (for example: not eligible for auto-proxying)
2021-03-09 16:38:17.154  INFO [main] [] trationDelegate$BeanPostProcessorChecker 330 : Bean 'spring-boot-plus.shiro-io.geekidea.springbootplus.config.properties.ShiroProperties' of type [io.geekidea.springbootplus.config.properties.ShiroProperties] is not eligible for getting processed by all BeanPostProcessors (for example: not eligible for auto-proxying)
2021-03-09 16:38:17.299 DEBUG [main] [] i.g.springbootplus.config.ShiroConfig    186 : anonList:[["/login","/logout"],["/static/**","/templates/**"],["/swagger-ui.html","/docs","/doc.html","/swagger-resources/**","/webjars/**","/v2/api-docs","/csrf","/v2/api-docs-ext","/null/swagger-resources/**"],["/actuator/**"],[],["/","/index.html"],["/hello/world","/fooBar/**","/exampleOrder/**"]]
2021-03-09 16:38:17.327 DEBUG [main] [] i.g.springbootplus.config.ShiroConfig    201 : definitions:{"/resource/**":"anon","/upload/**":"anon","/verificationCode/**":"anon","/enum":"anon","/getSysUserInfo":"anon"}
2021-03-09 16:38:17.328 DEBUG [main] [] i.g.springbootplus.config.ShiroConfig    209 : permissionConfigs:null
2021-03-09 16:38:17.331 DEBUG [main] [] i.g.springbootplus.config.ShiroConfig    240 : filterChainMap:{"/login":"anon","/logout":"anon","/static/**":"anon","/templates/**":"anon","/swagger-ui.html":"anon","/docs":"anon","/doc.html":"anon","/swagger-resources/**":"anon","/webjars/**":"anon","/v2/api-docs":"anon","/csrf":"anon","/v2/api-docs-ext":"anon","/null/swagger-resources/**":"anon","/actuator/**":"anon","/":"anon","/index.html":"anon","/hello/world":"anon","/fooBar/**":"anon","/exampleOrder/**":"anon","/upload/**":"anon","/getSysUserInfo":"anon","/verificationCode/**":"anon","/enum":"anon","/resource/**":"anon","/**":"jwtFilter"}
2021-03-09 16:38:17.422  INFO [main] [] trationDelegate$BeanPostProcessorChecker 330 : Bean 'authorizationAttributeSourceAdvisor' of type [org.apache.shiro.spring.security.interceptor.AuthorizationAttributeSourceAdvisor] is not eligible for getting processed by all BeanPostProcessors (for example: not eligible for auto-proxying)
2021-03-09 16:38:17.679  INFO [main] [] trationDelegate$BeanPostProcessorChecker 330 : Bean 'redisCacheConfig' of type [io.geekidea.springbootplus.config.RedisCacheConfig$$EnhancerBySpringCGLIB$$6c094fee] is not eligible for getting processed by all BeanPostProcessors (for example: not eligible for auto-proxying)
2021-03-09 16:38:17.996  INFO [main] [] o.s.b.w.embedded.tomcat.TomcatWebServer  92 : Tomcat initialized with port(s): 8888 (http)
2021-03-09 16:38:18.002  INFO [main] [] o.a.coyote.http11.Http11NioProtocol      173 : Initializing ProtocolHandler ["http-nio-8888"]
2021-03-09 16:38:18.003  INFO [main] [] o.apache.catalina.core.StandardService   173 : Starting service [Tomcat]
2021-03-09 16:38:18.003  INFO [main] [] org.apache.catalina.core.StandardEngine  173 : Starting Servlet engine: [Apache Tomcat/9.0.31]
2021-03-09 16:38:18.080  INFO [main] [] o.a.c.c.C.[Tomcat].[localhost].[/api]    173 : Initializing Spring embedded WebApplicationContext
2021-03-09 16:38:18.080  INFO [main] [] o.s.web.context.ContextLoader            284 : Root WebApplicationContext: initialization completed in 3470 ms
2021-03-09 16:38:18.100 DEBUG [main] [] i.g.s.config.SpringBootPlusCorsConfig    49 : corsProperties:SpringBootPlusCorsProperties(enable=true, path=/**, allowedOrigins=[*], allowedHeaders=[*], allowCredentials=true, allowedMethods=[OPTION, GET, POST], exposedHeaders=[token], maxAge=1800)
2021-03-09 16:38:18.164 DEBUG [main] [] i.g.s.config.SpringBootPlusWebMvcConfig  150 : SpringBootPlusProperties：{"allowDownloadFileExtensions":["jpg","png","docx","xlsx","pptx","pdf"],"allowUploadFileExtensions":["jpg","png","docx","xlsx","pptx","pdf"],"cors":{"allowCredentials":true,"allowedHeaders":["*"],"allowedMethods":["OPTION","GET","POST"],"allowedOrigins":["*"],"enable":true,"exposedHeaders":["token"],"maxAge":1800,"path":"/**"},"enableAnsi":true,"enableVerifyCode":false,"enumPackages":["com.example.foorbar.enums"],"filter":{"request":{"async":true,"enable":true,"order":1,"urlPatterns":["/*"]},"xss":{"async":true,"enable":true,"order":2,"urlPatterns":["/*"]}},"interceptor":{"download":{"enable":false,"excludePaths":[],"includePaths":["/download/**"]},"permission":{"enable":false,"excludePaths":[],"includePaths":["/**"]},"resource":{"enable":false,"excludePaths":[],"includePaths":["/resource/**"]},"springbootadmin":{"enable":false,"excludePaths":[],"includePaths":[]},"upload":{"enable":false,"excludePaths":[],"includePaths":["/upload/**"]}},"jwt":{"audience":"web","expireSecond":36000,"issuer":"spring-boot-plus","redisCheck":true,"refreshToken":true,"refreshTokenCountdown":600,"saltCheck":true,"secret":"666666","singleLogin":false,"tokenName":"token"},"loginInitHead":"http://127.0.0.1:8888/api/resource/logo.png","loginInitPassword":"admin","loginInitSalt":"666666","resourceAccessPath":"/resource/","resourceAccessPatterns":"/resource/**","resourceAccessUrl":"http://127.0.0.1:8888/api/resource/","resourceHandlers":"/static/**=classpath:/static/\nswagger-ui.html=classpath:/META-INF/resources/\n/webjars/**=classpath:/META-INF/resources/webjars/\ndoc.html=classpath:/META-INF/resources/\n","serverIp":"127.0.0.1","shiro":{"anon":[["/login","/logout"],["/static/**","/templates/**"],["/swagger-ui.html","/docs","/doc.html","/swagger-resources/**","/webjars/**","/v2/api-docs","/csrf","/v2/api-docs-ext","/null/swagger-resources/**"],["/actuator/**"],[],["/","/index.html"],["/hello/world","/fooBar/**","/exampleOrder/**"]],"enable":true,"filterChainDefinitions":"/resource/**=anon\n/upload/**=anon\n/verificationCode/**=anon\n/enum=anon\n/getSysUserInfo=anon\n"},"swaggerPaths":["/swagger-ui.html","/docs","/doc.html","/swagger-resources/**","/webjars/**","/v2/api-docs","/csrf","/v2/api-docs-ext","/null/swagger-resources/**"],"uploadPath":"/opt/upload/"}
2021-03-09 16:38:18.729  INFO [main] [] o.s.b.a.e.web.ServletEndpointRegistrar   75 : Registered '/actuator/jolokia' to jolokia-actuator-endpoint
2021-03-09 16:38:18.741  INFO [main] [] i.g.s.framework.core.xss.XssFilter       36 : XssFilter init
2021-03-09 16:38:18.741  INFO [main] [] i.g.s.f.core.filter.RequestDetailFilter  39 : RequestDetailFilter init
2021-03-09 16:38:19.802 DEBUG [main] [] i.g.s.framework.log.aop.BaseLogAop       171 : logAopConfig = SpringBootPlusAopProperties.LogAopConfig(enableRequestId=true, logPrintType=ORDER, requestIdType=IDWORK, requestLogFormat=true, responseLogFormat=true, excludePaths=[/, /csrf])
2021-03-09 16:38:19.802 DEBUG [main] [] i.g.s.framework.log.aop.BaseLogAop       172 : logPrintType = ORDER
2021-03-09 16:38:19.802 DEBUG [main] [] i.g.s.framework.log.aop.BaseLogAop       173 : enableRequestId = true
2021-03-09 16:38:19.802 DEBUG [main] [] i.g.s.framework.log.aop.BaseLogAop       174 : requestIdType = IDWORK
2021-03-09 16:38:19.803 DEBUG [main] [] i.g.s.framework.log.aop.BaseLogAop       175 : operationLogConfig = SpringBootPlusAopProperties.OperationLogConfig(enable=true, excludePaths=[])
2021-03-09 16:38:19.803 DEBUG [main] [] i.g.s.framework.log.aop.BaseLogAop       176 : loginLogConfig = SpringBootPlusAopProperties.LoginLogConfig(enable=true, loginPath=/login, logoutPath=/logout)
2021-03-09 16:38:19.803 DEBUG [main] [] i.g.s.framework.log.aop.BaseLogAop       177 : contextPath = /api
2021-03-09 16:38:19.832 DEBUG [main] [] i.g.s.f.c.controller.EnumController      75 : enumPackages:[com.example.foorbar.enums, io.geekidea.springbootplus.framework.common.enums, io.geekidea.springbootplus.system.enums]
2021-03-09 16:38:19.935  INFO [main] [] org.reflections.Reflections              228 : Reflections took 59 ms to scan 2 urls, producing 2 keys and 4 values 
2021-03-09 16:38:19.958 DEBUG [main] [] i.g.s.f.c.controller.EnumController      97 : enumMap:{io.geekidea.springbootplus.system.enums.StateEnum={0=EnumVo(code=0, desc=禁用, baseEnum=DISABLE), 1=EnumVo(code=1, desc=启用, baseEnum=ENABLE)}, io.geekidea.springbootplus.system.enums.MenuLevelEnum={1=EnumVo(code=1, desc=一级菜单, baseEnum=ONE), 2=EnumVo(code=2, desc=二级菜单, baseEnum=TWO), 3=EnumVo(code=3, desc=功能菜单, baseEnum=THREE)}}
2021-03-09 16:38:19.987 DEBUG [main] [] i.g.s.framework.shiro.util.JwtTokenUtil  42 : tokenName:token
2021-03-09 16:38:19.990  INFO [main] [] i.g.s.framework.shiro.util.JwtUtil       51 : {"audience":"web","expireSecond":36000,"issuer":"spring-boot-plus","redisCheck":true,"refreshToken":true,"refreshTokenCountdown":600,"saltCheck":true,"secret":"666666","singleLogin":false,"tokenName":"token"}
2021-03-09 16:38:20.003 DEBUG [main] [] i.g.s.c.p.SpringBootPlusStaticProperties 45 : INFO_PROJECT_VERSION:2.0
2021-03-09 16:38:21.383  INFO [main] [] o.s.b.a.e.web.EndpointLinksResolver      58 : Exposing 15 endpoint(s) beneath base path '/actuator'
2021-03-09 16:38:21.587  INFO [main] [] pertySourcedRequestMappingHandlerMapping 69 : Mapped URL path [/v2/api-docs] onto method [springfox.documentation.swagger2.web.Swagger2Controller#getDocumentation(String, HttpServletRequest)]
2021-03-09 16:38:21.629 DEBUG [main] [] i.g.s.config.Swagger2Config              155 : swaggerProperties = SwaggerProperties(enable=true, basePackage=io.geekidea.springbootplus,com.example, contactEmail=geekidea@qq.com, contactName=springboot.plus, contactUrl=https://springboot.plus, description=, title=spring-boot-plus API Documents, url=https://springboot.plus, version=2.0, parameterConfig=[SwaggerProperties.ParameterConfig(name=token, description=Token Request Header, type=header, dataType=String, required=false, defaultValue=)])
2021-03-09 16:38:21.630  INFO [main] [] i.g.s.config.Swagger2Config              166 : swagger scan basePackages:[io.geekidea.springbootplus, com.example]
2021-03-09 16:38:21.834  INFO [main] [] o.s.s.concurrent.ThreadPoolTaskExecutor  181 : Initializing ExecutorService 'applicationTaskExecutor'
2021-03-09 16:38:21.966  INFO [main] [] o.s.b.a.w.s.WelcomePageHandlerMapping    54 : Adding welcome page: class path resource [static/index.html]
2021-03-09 16:38:22.221  INFO [main] [] o.s.s.c.ThreadPoolTaskScheduler          181 : Initializing ExecutorService
2021-03-09 16:38:22.621  INFO [main] [] o.s.s.c.ThreadPoolTaskScheduler          181 : Initializing ExecutorService 'taskScheduler'
2021-03-09 16:38:22.708  INFO [main] [] d.s.w.p.DocumentationPluginsBootstrapper 160 : Context refreshed
2021-03-09 16:38:22.732  INFO [main] [] d.s.w.p.DocumentationPluginsBootstrapper 163 : Found 1 custom documentation plugin(s)
2021-03-09 16:38:22.786  INFO [main] [] s.d.s.w.s.ApiListingReferenceScanner     41 : Scanning for api listing references
2021-03-09 16:38:23.549  INFO [main] [] .d.s.w.r.o.CachingOperationNameGenerator 40 : Generating unique operation named: getSysUserUsingGET_1
2021-03-09 16:38:23.596  INFO [main] [] o.a.coyote.http11.Http11NioProtocol      173 : Starting ProtocolHandler ["http-nio-8888"]
2021-03-09 16:38:23.629  INFO [main] [] o.s.b.w.embedded.tomcat.TomcatWebServer  204 : Tomcat started on port(s): 8888 (http) with context path '/api'
2021-03-09 16:38:23.633  INFO [main] [] i.g.s.SpringBootPlusApplication          61 : Started SpringBootPlusApplication in 10.079 seconds (JVM running for 11.814)
2021-03-09 16:38:23.639  INFO [main] [] i.g.s.f.util.PrintApplicationInfo        90 : projectFinalName : bootstrap-2.0
2021-03-09 16:38:23.639  INFO [main] [] i.g.s.f.util.PrintApplicationInfo        91 : projectVersion : 2.0
2021-03-09 16:38:23.639  INFO [main] [] i.g.s.f.util.PrintApplicationInfo        92 : profileActive : dev
2021-03-09 16:38:23.639  INFO [main] [] i.g.s.f.util.PrintApplicationInfo        93 : contextPath : /api
2021-03-09 16:38:23.639  INFO [main] [] i.g.s.f.util.PrintApplicationInfo        94 : serverIp : 127.0.0.1
2021-03-09 16:38:23.639  INFO [main] [] i.g.s.f.util.PrintApplicationInfo        95 : port : 8888
2021-03-09 16:38:23.639  INFO [main] [] i.g.s.f.util.PrintApplicationInfo        110 : Admin:   http://127.0.0.1:8000
2021-03-09 16:38:23.640  INFO [main] [] i.g.s.f.util.PrintApplicationInfo        111 : Home:    http://127.0.0.1:8888/api
2021-03-09 16:38:23.640  INFO [main] [] i.g.s.f.util.PrintApplicationInfo        112 : Knife4j: http://127.0.0.1:8888/api/doc.html
2021-03-09 16:38:23.640  INFO [main] [] i.g.s.f.util.PrintApplicationInfo        113 : Swagger: http://127.0.0.1:8888/api/swagger-ui.html
2021-03-09 16:38:23.640  INFO [main] [] i.g.s.f.util.PrintApplicationInfo        114 : spring-boot-plus project start success...........
2021-03-09 16:38:23.645  INFO [main] [] i.g.s.f.util.PrintApplicationInfo        116 : 
[2J[34m ____    __                    __        ____                                                   
/\  _`\ /\ \__                /\ \__    /\  _`\                                                 
\ \,\L\_\ \ ,_\    __     _ __\ \ ,_\   \ \,\L\_\  __  __    ___    ___     __    ____    ____  
 \/_\__ \\ \ \/  /'__`\  /\`'__\ \ \/    \/_\__ \ /\ \/\ \  /'___\ /'___\ /'__`\ /',__\  /',__\ 
   /\ \L\ \ \ \_/\ \L\.\_\ \ \/ \ \ \_     /\ \L\ \ \ \_\ \/\ \__//\ \__//\  __//\__, `\/\__, `\
   \ `\____\ \__\ \__/.\_\\ \_\  \ \__\    \ `\____\ \____/\ \____\ \____\ \____\/\____/\/\____/
    \/_____/\/__/\/__/\/_/ \/_/   \/__/     \/_____/\/___/  \/____/\/____/\/____/\/___/  \/___/ 
                                                                                                
                                                                                                [m
2021-03-09 16:38:23.645  INFO [main] [] i.g.s.f.util.PrintApplicationInfo        66 : 
[2J[33m===========================================================================================
                                                                                  
                               !!!准备工作!!!                                      
 1.导入SQL初始化脚本：docs/db，根据不同数据库导入对应SQL脚本并修改链接等信息配置
 2.启动Redis服务，必要条件
 3.启动SpringBootAdmin Server，可选操作，admin模块中，启动SpringBootPlusAdminApplication
 4.根据项目需要，修改项目配置，请先查看官网配置文档：https://springboot.plus/config/
 5.项目模块说明：
    admin：       SpringBootAdmin Server启动模块
    bootstrap：   项目启动模块
    config：      项目配置模块
    distribution：项目打包模块，打包时，请先选中Maven Profiles中的release和对应环境
    example：     业务自定义模块，自己的业务代码可在example下进行，也可以再创建模块
    framework：   项目核心框架模块
    generator：   代码生成模块，启动类：SpringBootPlusGenerator，请根据实际情况进行配置
    scheduled：   任务调度模块
    system：      系统管理模块
 6.FAQ：https://springboot.plus/faq
 7.如开发中遇到bug及问题，欢迎提交ISSUES：https://github.com/geekidea/spring-boot-plus/issues
 8.QQ：625301326，进群答案：springboot.plus
                                                                                  
===========================================================================================
[m
2021-03-09 16:38:25.991  INFO [registrationTask1] [] d.c.b.a.c.r.ApplicationRegistrator       84 : Application registered itself as cf35f0913f7e
2021-03-09 16:38:26.114  INFO [http-nio-8888-exec-1] [] o.a.c.c.C.[Tomcat].[localhost].[/api]    173 : Initializing Spring DispatcherServlet 'dispatcherServlet'
2021-03-09 16:38:26.115  INFO [http-nio-8888-exec-1] [] o.s.web.servlet.DispatcherServlet        525 : Initializing Servlet 'dispatcherServlet'
2021-03-09 16:38:26.128  INFO [http-nio-8888-exec-1] [] o.s.web.servlet.DispatcherServlet        547 : Completed initialization in 13 ms
2021-03-09 16:38:26.204  INFO [http-nio-8888-exec-1] [] com.zaxxer.hikari.HikariDataSource       110 : HikariPool-1 - Starting...
2021-03-09 16:38:27.620 ERROR [http-nio-8888-exec-1] [] com.zaxxer.hikari.pool.HikariPool        587 : HikariPool-1 - Exception during pool initialization.

java.sql.SQLException: Access denied for user 'root'@'172.17.0.1' (using password: YES)
	at com.mysql.jdbc.SQLError.createSQLException(SQLError.java:965)
	at com.mysql.jdbc.MysqlIO.checkErrorPacket(MysqlIO.java:3978)
	at com.mysql.jdbc.MysqlIO.checkErrorPacket(MysqlIO.java:3914)
	at com.mysql.jdbc.MysqlIO.checkErrorPacket(MysqlIO.java:871)
	at com.mysql.jdbc.MysqlIO.proceedHandshakeWithPluggableAuthentication(MysqlIO.java:1714)
	at com.mysql.jdbc.MysqlIO.doHandshake(MysqlIO.java:1224)
	at com.mysql.jdbc.ConnectionImpl.coreConnect(ConnectionImpl.java:2199)
	at com.mysql.jdbc.ConnectionImpl.connectOneTryOnly(ConnectionImpl.java:2230)
	at com.mysql.jdbc.ConnectionImpl.createNewIO(ConnectionImpl.java:2025)
	at com.mysql.jdbc.ConnectionImpl.<init>(ConnectionImpl.java:778)
	at com.mysql.jdbc.JDBC4Connection.<init>(JDBC4Connection.java:47)
	at sun.reflect.NativeConstructorAccessorImpl.newInstance0(Native Method)
	at sun.reflect.NativeConstructorAccessorImpl.newInstance(NativeConstructorAccessorImpl.java:62)
	at sun.reflect.DelegatingConstructorAccessorImpl.newInstance(DelegatingConstructorAccessorImpl.java:45)
	at java.lang.reflect.Constructor.newInstance(Constructor.java:423)
	at com.mysql.jdbc.Util.handleNewInstance(Util.java:425)
	at com.mysql.jdbc.ConnectionImpl.getInstance(ConnectionImpl.java:386)
	at com.mysql.jdbc.NonRegisteringDriver.connect(NonRegisteringDriver.java:330)
	at com.zaxxer.hikari.util.DriverDataSource.getConnection(DriverDataSource.java:138)
	at com.zaxxer.hikari.pool.PoolBase.newConnection(PoolBase.java:354)
	at com.zaxxer.hikari.pool.PoolBase.newPoolEntry(PoolBase.java:202)
	at com.zaxxer.hikari.pool.HikariPool.createPoolEntry(HikariPool.java:473)
	at com.zaxxer.hikari.pool.HikariPool.checkFailFast(HikariPool.java:554)
	at com.zaxxer.hikari.pool.HikariPool.<init>(HikariPool.java:115)
	at com.zaxxer.hikari.HikariDataSource.getConnection(HikariDataSource.java:112)
	at org.springframework.jdbc.datasource.DataSourceUtils.fetchConnection(DataSourceUtils.java:158)
	at org.springframework.jdbc.datasource.DataSourceUtils.doGetConnection(DataSourceUtils.java:116)
	at org.springframework.jdbc.datasource.DataSourceUtils.getConnection(DataSourceUtils.java:79)
	at org.springframework.jdbc.core.JdbcTemplate.execute(JdbcTemplate.java:324)
	at org.springframework.boot.actuate.jdbc.DataSourceHealthIndicator.getProduct(DataSourceHealthIndicator.java:122)
	at org.springframework.boot.actuate.jdbc.DataSourceHealthIndicator.doDataSourceHealthCheck(DataSourceHealthIndicator.java:107)
	at org.springframework.boot.actuate.jdbc.DataSourceHealthIndicator.doHealthCheck(DataSourceHealthIndicator.java:102)
	at org.springframework.boot.actuate.health.AbstractHealthIndicator.health(AbstractHealthIndicator.java:82)
	at org.springframework.boot.actuate.health.HealthIndicator.getHealth(HealthIndicator.java:37)
	at org.springframework.boot.actuate.health.HealthEndpointWebExtension.getHealth(HealthEndpointWebExtension.java:95)
	at org.springframework.boot.actuate.health.HealthEndpointWebExtension.getHealth(HealthEndpointWebExtension.java:43)
	at org.springframework.boot.actuate.health.HealthEndpointSupport.getContribution(HealthEndpointSupport.java:108)
	at org.springframework.boot.actuate.health.HealthEndpointSupport.getAggregateHealth(HealthEndpointSupport.java:119)
	at org.springframework.boot.actuate.health.HealthEndpointSupport.getContribution(HealthEndpointSupport.java:105)
	at org.springframework.boot.actuate.health.HealthEndpointSupport.getHealth(HealthEndpointSupport.java:83)
	at org.springframework.boot.actuate.health.HealthEndpointSupport.getHealth(HealthEndpointSupport.java:70)
	at org.springframework.boot.actuate.health.HealthEndpointWebExtension.health(HealthEndpointWebExtension.java:81)
	at org.springframework.boot.actuate.health.HealthEndpointWebExtension.health(HealthEndpointWebExtension.java:70)
	at sun.reflect.NativeMethodAccessorImpl.invoke0(Native Method)
	at sun.reflect.NativeMethodAccessorImpl.invoke(NativeMethodAccessorImpl.java:62)
	at sun.reflect.DelegatingMethodAccessorImpl.invoke(DelegatingMethodAccessorImpl.java:43)
	at java.lang.reflect.Method.invoke(Method.java:498)
	at org.springframework.util.ReflectionUtils.invokeMethod(ReflectionUtils.java:282)
	at org.springframework.boot.actuate.endpoint.invoke.reflect.ReflectiveOperationInvoker.invoke(ReflectiveOperationInvoker.java:77)
	at org.springframework.boot.actuate.endpoint.annotation.AbstractDiscoveredOperation.invoke(AbstractDiscoveredOperation.java:60)
	at org.springframework.boot.actuate.endpoint.web.servlet.AbstractWebMvcEndpointHandlerMapping$ServletWebOperationAdapter.handle(AbstractWebMvcEndpointHandlerMapping.java:305)
	at org.springframework.boot.actuate.endpoint.web.servlet.AbstractWebMvcEndpointHandlerMapping$OperationHandler.handle(AbstractWebMvcEndpointHandlerMapping.java:388)
	at sun.reflect.NativeMethodAccessorImpl.invoke0(Native Method)
	at sun.reflect.NativeMethodAccessorImpl.invoke(NativeMethodAccessorImpl.java:62)
	at sun.reflect.DelegatingMethodAccessorImpl.invoke(DelegatingMethodAccessorImpl.java:43)
	at java.lang.reflect.Method.invoke(Method.java:498)
	at org.springframework.web.method.support.InvocableHandlerMethod.doInvoke(InvocableHandlerMethod.java:190)
	at org.springframework.web.method.support.InvocableHandlerMethod.invokeForRequest(InvocableHandlerMethod.java:138)
	at org.springframework.web.servlet.mvc.method.annotation.ServletInvocableHandlerMethod.invokeAndHandle(ServletInvocableHandlerMethod.java:106)
	at org.springframework.web.servlet.mvc.method.annotation.RequestMappingHandlerAdapter.invokeHandlerMethod(RequestMappingHandlerAdapter.java:879)
	at org.springframework.web.servlet.mvc.method.annotation.RequestMappingHandlerAdapter.handleInternal(RequestMappingHandlerAdapter.java:793)
	at org.springframework.web.servlet.mvc.method.AbstractHandlerMethodAdapter.handle(AbstractHandlerMethodAdapter.java:87)
	at org.springframework.web.servlet.DispatcherServlet.doDispatch(DispatcherServlet.java:1040)
	at org.springframework.web.servlet.DispatcherServlet.doService(DispatcherServlet.java:943)
	at org.springframework.web.servlet.FrameworkServlet.processRequest(FrameworkServlet.java:1006)
	at org.springframework.web.servlet.FrameworkServlet.doGet(FrameworkServlet.java:898)
	at javax.servlet.http.HttpServlet.service(HttpServlet.java:634)
	at org.springframework.web.servlet.FrameworkServlet.service(FrameworkServlet.java:883)
	at javax.servlet.http.HttpServlet.service(HttpServlet.java:741)
	at org.apache.catalina.core.ApplicationFilterChain.internalDoFilter(ApplicationFilterChain.java:231)
	at org.apache.catalina.core.ApplicationFilterChain.doFilter(ApplicationFilterChain.java:166)
	at org.apache.tomcat.websocket.server.WsFilter.doFilter(WsFilter.java:53)
	at org.apache.catalina.core.ApplicationFilterChain.internalDoFilter(ApplicationFilterChain.java:193)
	at org.apache.catalina.core.ApplicationFilterChain.doFilter(ApplicationFilterChain.java:166)
	at com.github.xiaoymin.knife4j.spring.filter.ProductionSecurityFilter.doFilter(ProductionSecurityFilter.java:53)
	at org.apache.catalina.core.ApplicationFilterChain.internalDoFilter(ApplicationFilterChain.java:193)
	at org.apache.catalina.core.ApplicationFilterChain.doFilter(ApplicationFilterChain.java:166)
	at com.github.xiaoymin.knife4j.spring.filter.SecurityBasicAuthFilter.doFilter(SecurityBasicAuthFilter.java:87)
	at org.apache.catalina.core.ApplicationFilterChain.internalDoFilter(ApplicationFilterChain.java:193)
	at org.apache.catalina.core.ApplicationFilterChain.doFilter(ApplicationFilterChain.java:166)
	at org.apache.shiro.web.servlet.OncePerRequestFilter.doFilter(OncePerRequestFilter.java:112)
	at org.apache.catalina.core.ApplicationFilterChain.internalDoFilter(ApplicationFilterChain.java:193)
	at org.apache.catalina.core.ApplicationFilterChain.doFilter(ApplicationFilterChain.java:166)
	at org.apache.shiro.web.servlet.ProxiedFilterChain.doFilter(ProxiedFilterChain.java:61)
	at org.apache.shiro.web.servlet.AdviceFilter.executeChain(AdviceFilter.java:108)
	at org.apache.shiro.web.servlet.AdviceFilter.doFilterInternal(AdviceFilter.java:137)
	at org.apache.shiro.web.servlet.OncePerRequestFilter.doFilter(OncePerRequestFilter.java:125)
	at org.apache.shiro.web.servlet.ProxiedFilterChain.doFilter(ProxiedFilterChain.java:66)
	at org.apache.shiro.web.servlet.AbstractShiroFilter.executeChain(AbstractShiroFilter.java:449)
	at org.apache.shiro.web.servlet.AbstractShiroFilter$1.call(AbstractShiroFilter.java:365)
	at org.apache.shiro.subject.support.SubjectCallable.doCall(SubjectCallable.java:90)
	at org.apache.shiro.subject.support.SubjectCallable.call(SubjectCallable.java:83)
	at org.apache.shiro.subject.support.DelegatingSubject.execute(DelegatingSubject.java:387)
	at org.apache.shiro.web.servlet.AbstractShiroFilter.doFilterInternal(AbstractShiroFilter.java:362)
	at org.apache.shiro.web.servlet.OncePerRequestFilter.doFilter(OncePerRequestFilter.java:125)
	at org.springframework.web.filter.DelegatingFilterProxy.invokeDelegate(DelegatingFilterProxy.java:358)
	at org.springframework.web.filter.DelegatingFilterProxy.doFilter(DelegatingFilterProxy.java:271)
	at org.apache.catalina.core.ApplicationFilterChain.internalDoFilter(ApplicationFilterChain.java:193)
	at org.apache.catalina.core.ApplicationFilterChain.doFilter(ApplicationFilterChain.java:166)
	at io.geekidea.springbootplus.framework.core.xss.XssFilter.doFilter(XssFilter.java:43)
	at org.apache.catalina.core.ApplicationFilterChain.internalDoFilter(ApplicationFilterChain.java:193)
	at org.apache.catalina.core.ApplicationFilterChain.doFilter(ApplicationFilterChain.java:166)
	at io.geekidea.springbootplus.framework.core.filter.RequestDetailFilter.doFilter(RequestDetailFilter.java:55)
	at org.apache.catalina.core.ApplicationFilterChain.internalDoFilter(ApplicationFilterChain.java:193)
	at org.apache.catalina.core.ApplicationFilterChain.doFilter(ApplicationFilterChain.java:166)
	at org.springframework.web.filter.RequestContextFilter.doFilterInternal(RequestContextFilter.java:100)
	at org.springframework.web.filter.OncePerRequestFilter.doFilter(OncePerRequestFilter.java:119)
	at org.apache.catalina.core.ApplicationFilterChain.internalDoFilter(ApplicationFilterChain.java:193)
	at org.apache.catalina.core.ApplicationFilterChain.doFilter(ApplicationFilterChain.java:166)
	at org.springframework.web.filter.FormContentFilter.doFilterInternal(FormContentFilter.java:93)
	at org.springframework.web.filter.OncePerRequestFilter.doFilter(OncePerRequestFilter.java:119)
	at org.apache.catalina.core.ApplicationFilterChain.internalDoFilter(ApplicationFilterChain.java:193)
	at org.apache.catalina.core.ApplicationFilterChain.doFilter(ApplicationFilterChain.java:166)
	at org.springframework.boot.actuate.metrics.web.servlet.WebMvcMetricsFilter.doFilterInternal(WebMvcMetricsFilter.java:109)
	at org.springframework.web.filter.OncePerRequestFilter.doFilter(OncePerRequestFilter.java:119)
	at org.apache.catalina.core.ApplicationFilterChain.internalDoFilter(ApplicationFilterChain.java:193)
	at org.apache.catalina.core.ApplicationFilterChain.doFilter(ApplicationFilterChain.java:166)
	at org.springframework.web.filter.CharacterEncodingFilter.doFilterInternal(CharacterEncodingFilter.java:201)
	at org.springframework.web.filter.OncePerRequestFilter.doFilter(OncePerRequestFilter.java:119)
	at org.apache.catalina.core.ApplicationFilterChain.internalDoFilter(ApplicationFilterChain.java:193)
	at org.apache.catalina.core.ApplicationFilterChain.doFilter(ApplicationFilterChain.java:166)
	at org.springframework.web.filter.CorsFilter.doFilterInternal(CorsFilter.java:92)
	at org.springframework.web.filter.OncePerRequestFilter.doFilter(OncePerRequestFilter.java:119)
	at org.apache.catalina.core.ApplicationFilterChain.internalDoFilter(ApplicationFilterChain.java:193)
	at org.apache.catalina.core.ApplicationFilterChain.doFilter(ApplicationFilterChain.java:166)
	at org.apache.catalina.core.StandardWrapperValve.invoke(StandardWrapperValve.java:202)
	at org.apache.catalina.core.StandardContextValve.invoke(StandardContextValve.java:96)
	at org.apache.catalina.authenticator.AuthenticatorBase.invoke(AuthenticatorBase.java:541)
	at org.apache.catalina.core.StandardHostValve.invoke(StandardHostValve.java:139)
	at org.apache.catalina.valves.ErrorReportValve.invoke(ErrorReportValve.java:92)
	at org.apache.catalina.core.StandardEngineValve.invoke(StandardEngineValve.java:74)
	at org.apache.catalina.connector.CoyoteAdapter.service(CoyoteAdapter.java:343)
	at org.apache.coyote.http11.Http11Processor.service(Http11Processor.java:367)
	at org.apache.coyote.AbstractProcessorLight.process(AbstractProcessorLight.java:65)
	at org.apache.coyote.AbstractProtocol$ConnectionHandler.process(AbstractProtocol.java:868)
	at org.apache.tomcat.util.net.NioEndpoint$SocketProcessor.doRun(NioEndpoint.java:1639)
	at org.apache.tomcat.util.net.SocketProcessorBase.run(SocketProcessorBase.java:49)
	at java.util.concurrent.ThreadPoolExecutor.runWorker(ThreadPoolExecutor.java:1149)
	at java.util.concurrent.ThreadPoolExecutor$Worker.run(ThreadPoolExecutor.java:624)
	at org.apache.tomcat.util.threads.TaskThread$WrappingRunnable.run(TaskThread.java:61)
	at java.lang.Thread.run(Thread.java:748)

2021-03-09 16:38:27.626  WARN [http-nio-8888-exec-1] [] o.s.b.a.jdbc.DataSourceHealthIndicator   87 : DataSource health check failed

org.springframework.jdbc.CannotGetJdbcConnectionException: Failed to obtain JDBC Connection; nested exception is java.sql.SQLException: Access denied for user 'root'@'172.17.0.1' (using password: YES)
	at org.springframework.jdbc.datasource.DataSourceUtils.getConnection(DataSourceUtils.java:82)
	at org.springframework.jdbc.core.JdbcTemplate.execute(JdbcTemplate.java:324)
	at org.springframework.boot.actuate.jdbc.DataSourceHealthIndicator.getProduct(DataSourceHealthIndicator.java:122)
	at org.springframework.boot.actuate.jdbc.DataSourceHealthIndicator.doDataSourceHealthCheck(DataSourceHealthIndicator.java:107)
	at org.springframework.boot.actuate.jdbc.DataSourceHealthIndicator.doHealthCheck(DataSourceHealthIndicator.java:102)
	at org.springframework.boot.actuate.health.AbstractHealthIndicator.health(AbstractHealthIndicator.java:82)
	at org.springframework.boot.actuate.health.HealthIndicator.getHealth(HealthIndicator.java:37)
	at org.springframework.boot.actuate.health.HealthEndpointWebExtension.getHealth(HealthEndpointWebExtension.java:95)
	at org.springframework.boot.actuate.health.HealthEndpointWebExtension.getHealth(HealthEndpointWebExtension.java:43)
	at org.springframework.boot.actuate.health.HealthEndpointSupport.getContribution(HealthEndpointSupport.java:108)
	at org.springframework.boot.actuate.health.HealthEndpointSupport.getAggregateHealth(HealthEndpointSupport.java:119)
	at org.springframework.boot.actuate.health.HealthEndpointSupport.getContribution(HealthEndpointSupport.java:105)
	at org.springframework.boot.actuate.health.HealthEndpointSupport.getHealth(HealthEndpointSupport.java:83)
	at org.springframework.boot.actuate.health.HealthEndpointSupport.getHealth(HealthEndpointSupport.java:70)
	at org.springframework.boot.actuate.health.HealthEndpointWebExtension.health(HealthEndpointWebExtension.java:81)
	at org.springframework.boot.actuate.health.HealthEndpointWebExtension.health(HealthEndpointWebExtension.java:70)
	at sun.reflect.NativeMethodAccessorImpl.invoke0(Native Method)
	at sun.reflect.NativeMethodAccessorImpl.invoke(NativeMethodAccessorImpl.java:62)
	at sun.reflect.DelegatingMethodAccessorImpl.invoke(DelegatingMethodAccessorImpl.java:43)
	at java.lang.reflect.Method.invoke(Method.java:498)
	at org.springframework.util.ReflectionUtils.invokeMethod(ReflectionUtils.java:282)
	at org.springframework.boot.actuate.endpoint.invoke.reflect.ReflectiveOperationInvoker.invoke(ReflectiveOperationInvoker.java:77)
	at org.springframework.boot.actuate.endpoint.annotation.AbstractDiscoveredOperation.invoke(AbstractDiscoveredOperation.java:60)
	at org.springframework.boot.actuate.endpoint.web.servlet.AbstractWebMvcEndpointHandlerMapping$ServletWebOperationAdapter.handle(AbstractWebMvcEndpointHandlerMapping.java:305)
	at org.springframework.boot.actuate.endpoint.web.servlet.AbstractWebMvcEndpointHandlerMapping$OperationHandler.handle(AbstractWebMvcEndpointHandlerMapping.java:388)
	at sun.reflect.NativeMethodAccessorImpl.invoke0(Native Method)
	at sun.reflect.NativeMethodAccessorImpl.invoke(NativeMethodAccessorImpl.java:62)
	at sun.reflect.DelegatingMethodAccessorImpl.invoke(DelegatingMethodAccessorImpl.java:43)
	at java.lang.reflect.Method.invoke(Method.java:498)
	at org.springframework.web.method.support.InvocableHandlerMethod.doInvoke(InvocableHandlerMethod.java:190)
	at org.springframework.web.method.support.InvocableHandlerMethod.invokeForRequest(InvocableHandlerMethod.java:138)
	at org.springframework.web.servlet.mvc.method.annotation.ServletInvocableHandlerMethod.invokeAndHandle(ServletInvocableHandlerMethod.java:106)
	at org.springframework.web.servlet.mvc.method.annotation.RequestMappingHandlerAdapter.invokeHandlerMethod(RequestMappingHandlerAdapter.java:879)
	at org.springframework.web.servlet.mvc.method.annotation.RequestMappingHandlerAdapter.handleInternal(RequestMappingHandlerAdapter.java:793)
	at org.springframework.web.servlet.mvc.method.AbstractHandlerMethodAdapter.handle(AbstractHandlerMethodAdapter.java:87)
	at org.springframework.web.servlet.DispatcherServlet.doDispatch(DispatcherServlet.java:1040)
	at org.springframework.web.servlet.DispatcherServlet.doService(DispatcherServlet.java:943)
	at org.springframework.web.servlet.FrameworkServlet.processRequest(FrameworkServlet.java:1006)
	at org.springframework.web.servlet.FrameworkServlet.doGet(FrameworkServlet.java:898)
	at javax.servlet.http.HttpServlet.service(HttpServlet.java:634)
	at org.springframework.web.servlet.FrameworkServlet.service(FrameworkServlet.java:883)
	at javax.servlet.http.HttpServlet.service(HttpServlet.java:741)
	at org.apache.catalina.core.ApplicationFilterChain.internalDoFilter(ApplicationFilterChain.java:231)
	at org.apache.catalina.core.ApplicationFilterChain.doFilter(ApplicationFilterChain.java:166)
	at org.apache.tomcat.websocket.server.WsFilter.doFilter(WsFilter.java:53)
	at org.apache.catalina.core.ApplicationFilterChain.internalDoFilter(ApplicationFilterChain.java:193)
	at org.apache.catalina.core.ApplicationFilterChain.doFilter(ApplicationFilterChain.java:166)
	at com.github.xiaoymin.knife4j.spring.filter.ProductionSecurityFilter.doFilter(ProductionSecurityFilter.java:53)
	at org.apache.catalina.core.ApplicationFilterChain.internalDoFilter(ApplicationFilterChain.java:193)
	at org.apache.catalina.core.ApplicationFilterChain.doFilter(ApplicationFilterChain.java:166)
	at com.github.xiaoymin.knife4j.spring.filter.SecurityBasicAuthFilter.doFilter(SecurityBasicAuthFilter.java:87)
	at org.apache.catalina.core.ApplicationFilterChain.internalDoFilter(ApplicationFilterChain.java:193)
	at org.apache.catalina.core.ApplicationFilterChain.doFilter(ApplicationFilterChain.java:166)
	at org.apache.shiro.web.servlet.OncePerRequestFilter.doFilter(OncePerRequestFilter.java:112)
	at org.apache.catalina.core.ApplicationFilterChain.internalDoFilter(ApplicationFilterChain.java:193)
	at org.apache.catalina.core.ApplicationFilterChain.doFilter(ApplicationFilterChain.java:166)
	at org.apache.shiro.web.servlet.ProxiedFilterChain.doFilter(ProxiedFilterChain.java:61)
	at org.apache.shiro.web.servlet.AdviceFilter.executeChain(AdviceFilter.java:108)
	at org.apache.shiro.web.servlet.AdviceFilter.doFilterInternal(AdviceFilter.java:137)
	at org.apache.shiro.web.servlet.OncePerRequestFilter.doFilter(OncePerRequestFilter.java:125)
	at org.apache.shiro.web.servlet.ProxiedFilterChain.doFilter(ProxiedFilterChain.java:66)
	at org.apache.shiro.web.servlet.AbstractShiroFilter.executeChain(AbstractShiroFilter.java:449)
	at org.apache.shiro.web.servlet.AbstractShiroFilter$1.call(AbstractShiroFilter.java:365)
	at org.apache.shiro.subject.support.SubjectCallable.doCall(SubjectCallable.java:90)
	at org.apache.shiro.subject.support.SubjectCallable.call(SubjectCallable.java:83)
	at org.apache.shiro.subject.support.DelegatingSubject.execute(DelegatingSubject.java:387)
	at org.apache.shiro.web.servlet.AbstractShiroFilter.doFilterInternal(AbstractShiroFilter.java:362)
	at org.apache.shiro.web.servlet.OncePerRequestFilter.doFilter(OncePerRequestFilter.java:125)
	at org.springframework.web.filter.DelegatingFilterProxy.invokeDelegate(DelegatingFilterProxy.java:358)
	at org.springframework.web.filter.DelegatingFilterProxy.doFilter(DelegatingFilterProxy.java:271)
	at org.apache.catalina.core.ApplicationFilterChain.internalDoFilter(ApplicationFilterChain.java:193)
	at org.apache.catalina.core.ApplicationFilterChain.doFilter(ApplicationFilterChain.java:166)
	at io.geekidea.springbootplus.framework.core.xss.XssFilter.doFilter(XssFilter.java:43)
	at org.apache.catalina.core.ApplicationFilterChain.internalDoFilter(ApplicationFilterChain.java:193)
	at org.apache.catalina.core.ApplicationFilterChain.doFilter(ApplicationFilterChain.java:166)
	at io.geekidea.springbootplus.framework.core.filter.RequestDetailFilter.doFilter(RequestDetailFilter.java:55)
	at org.apache.catalina.core.ApplicationFilterChain.internalDoFilter(ApplicationFilterChain.java:193)
	at org.apache.catalina.core.ApplicationFilterChain.doFilter(ApplicationFilterChain.java:166)
	at org.springframework.web.filter.RequestContextFilter.doFilterInternal(RequestContextFilter.java:100)
	at org.springframework.web.filter.OncePerRequestFilter.doFilter(OncePerRequestFilter.java:119)
	at org.apache.catalina.core.ApplicationFilterChain.internalDoFilter(ApplicationFilterChain.java:193)
	at org.apache.catalina.core.ApplicationFilterChain.doFilter(ApplicationFilterChain.java:166)
	at org.springframework.web.filter.FormContentFilter.doFilterInternal(FormContentFilter.java:93)
	at org.springframework.web.filter.OncePerRequestFilter.doFilter(OncePerRequestFilter.java:119)
	at org.apache.catalina.core.ApplicationFilterChain.internalDoFilter(ApplicationFilterChain.java:193)
	at org.apache.catalina.core.ApplicationFilterChain.doFilter(ApplicationFilterChain.java:166)
	at org.springframework.boot.actuate.metrics.web.servlet.WebMvcMetricsFilter.doFilterInternal(WebMvcMetricsFilter.java:109)
	at org.springframework.web.filter.OncePerRequestFilter.doFilter(OncePerRequestFilter.java:119)
	at org.apache.catalina.core.ApplicationFilterChain.internalDoFilter(ApplicationFilterChain.java:193)
	at org.apache.catalina.core.ApplicationFilterChain.doFilter(ApplicationFilterChain.java:166)
	at org.springframework.web.filter.CharacterEncodingFilter.doFilterInternal(CharacterEncodingFilter.java:201)
	at org.springframework.web.filter.OncePerRequestFilter.doFilter(OncePerRequestFilter.java:119)
	at org.apache.catalina.core.ApplicationFilterChain.internalDoFilter(ApplicationFilterChain.java:193)
	at org.apache.catalina.core.ApplicationFilterChain.doFilter(ApplicationFilterChain.java:166)
	at org.springframework.web.filter.CorsFilter.doFilterInternal(CorsFilter.java:92)
	at org.springframework.web.filter.OncePerRequestFilter.doFilter(OncePerRequestFilter.java:119)
	at org.apache.catalina.core.ApplicationFilterChain.internalDoFilter(ApplicationFilterChain.java:193)
	at org.apache.catalina.core.ApplicationFilterChain.doFilter(ApplicationFilterChain.java:166)
	at org.apache.catalina.core.StandardWrapperValve.invoke(StandardWrapperValve.java:202)
	at org.apache.catalina.core.StandardContextValve.invoke(StandardContextValve.java:96)
	at org.apache.catalina.authenticator.AuthenticatorBase.invoke(AuthenticatorBase.java:541)
	at org.apache.catalina.core.StandardHostValve.invoke(StandardHostValve.java:139)
	at org.apache.catalina.valves.ErrorReportValve.invoke(ErrorReportValve.java:92)
	at org.apache.catalina.core.StandardEngineValve.invoke(StandardEngineValve.java:74)
	at org.apache.catalina.connector.CoyoteAdapter.service(CoyoteAdapter.java:343)
	at org.apache.coyote.http11.Http11Processor.service(Http11Processor.java:367)
	at org.apache.coyote.AbstractProcessorLight.process(AbstractProcessorLight.java:65)
	at org.apache.coyote.AbstractProtocol$ConnectionHandler.process(AbstractProtocol.java:868)
	at org.apache.tomcat.util.net.NioEndpoint$SocketProcessor.doRun(NioEndpoint.java:1639)
	at org.apache.tomcat.util.net.SocketProcessorBase.run(SocketProcessorBase.java:49)
	at java.util.concurrent.ThreadPoolExecutor.runWorker(ThreadPoolExecutor.java:1149)
	at java.util.concurrent.ThreadPoolExecutor$Worker.run(ThreadPoolExecutor.java:624)
	at org.apache.tomcat.util.threads.TaskThread$WrappingRunnable.run(TaskThread.java:61)
	at java.lang.Thread.run(Thread.java:748)
Caused by: java.sql.SQLException: Access denied for user 'root'@'172.17.0.1' (using password: YES)
	at com.mysql.jdbc.SQLError.createSQLException(SQLError.java:965)
	at com.mysql.jdbc.MysqlIO.checkErrorPacket(MysqlIO.java:3978)
	at com.mysql.jdbc.MysqlIO.checkErrorPacket(MysqlIO.java:3914)
	at com.mysql.jdbc.MysqlIO.checkErrorPacket(MysqlIO.java:871)
	at com.mysql.jdbc.MysqlIO.proceedHandshakeWithPluggableAuthentication(MysqlIO.java:1714)
	at com.mysql.jdbc.MysqlIO.doHandshake(MysqlIO.java:1224)
	at com.mysql.jdbc.ConnectionImpl.coreConnect(ConnectionImpl.java:2199)
	at com.mysql.jdbc.ConnectionImpl.connectOneTryOnly(ConnectionImpl.java:2230)
	at com.mysql.jdbc.ConnectionImpl.createNewIO(ConnectionImpl.java:2025)
	at com.mysql.jdbc.ConnectionImpl.<init>(ConnectionImpl.java:778)
	at com.mysql.jdbc.JDBC4Connection.<init>(JDBC4Connection.java:47)
	at sun.reflect.NativeConstructorAccessorImpl.newInstance0(Native Method)
	at sun.reflect.NativeConstructorAccessorImpl.newInstance(NativeConstructorAccessorImpl.java:62)
	at sun.reflect.DelegatingConstructorAccessorImpl.newInstance(DelegatingConstructorAccessorImpl.java:45)
	at java.lang.reflect.Constructor.newInstance(Constructor.java:423)
	at com.mysql.jdbc.Util.handleNewInstance(Util.java:425)
	at com.mysql.jdbc.ConnectionImpl.getInstance(ConnectionImpl.java:386)
	at com.mysql.jdbc.NonRegisteringDriver.connect(NonRegisteringDriver.java:330)
	at com.zaxxer.hikari.util.DriverDataSource.getConnection(DriverDataSource.java:138)
	at com.zaxxer.hikari.pool.PoolBase.newConnection(PoolBase.java:354)
	at com.zaxxer.hikari.pool.PoolBase.newPoolEntry(PoolBase.java:202)
	at com.zaxxer.hikari.pool.HikariPool.createPoolEntry(HikariPool.java:473)
	at com.zaxxer.hikari.pool.HikariPool.checkFailFast(HikariPool.java:554)
	at com.zaxxer.hikari.pool.HikariPool.<init>(HikariPool.java:115)
	at com.zaxxer.hikari.HikariDataSource.getConnection(HikariDataSource.java:112)
	at org.springframework.jdbc.datasource.DataSourceUtils.fetchConnection(DataSourceUtils.java:158)
	at org.springframework.jdbc.datasource.DataSourceUtils.doGetConnection(DataSourceUtils.java:116)
	at org.springframework.jdbc.datasource.DataSourceUtils.getConnection(DataSourceUtils.java:79)
	... 113 common frames omitted

2021-03-09 16:38:27.824  INFO [boundedElastic-1] [] io.lettuce.core.EpollProvider            68 : Starting without optional epoll library
2021-03-09 16:38:27.826  INFO [boundedElastic-1] [] io.lettuce.core.KqueueProvider           70 : Starting without optional kqueue library
2021-03-09 16:40:10.372  INFO [http-nio-8888-exec-7] [] com.zaxxer.hikari.HikariDataSource       110 : HikariPool-1 - Starting...
2021-03-09 16:40:11.498 ERROR [http-nio-8888-exec-7] [] com.zaxxer.hikari.pool.HikariPool        587 : HikariPool-1 - Exception during pool initialization.

java.sql.SQLException: Access denied for user 'root'@'172.17.0.1' (using password: YES)
	at com.mysql.jdbc.SQLError.createSQLException(SQLError.java:965)
	at com.mysql.jdbc.MysqlIO.checkErrorPacket(MysqlIO.java:3978)
	at com.mysql.jdbc.MysqlIO.checkErrorPacket(MysqlIO.java:3914)
	at com.mysql.jdbc.MysqlIO.checkErrorPacket(MysqlIO.java:871)
	at com.mysql.jdbc.MysqlIO.proceedHandshakeWithPluggableAuthentication(MysqlIO.java:1714)
	at com.mysql.jdbc.MysqlIO.doHandshake(MysqlIO.java:1224)
	at com.mysql.jdbc.ConnectionImpl.coreConnect(ConnectionImpl.java:2199)
	at com.mysql.jdbc.ConnectionImpl.connectOneTryOnly(ConnectionImpl.java:2230)
	at com.mysql.jdbc.ConnectionImpl.createNewIO(ConnectionImpl.java:2025)
	at com.mysql.jdbc.ConnectionImpl.<init>(ConnectionImpl.java:778)
	at com.mysql.jdbc.JDBC4Connection.<init>(JDBC4Connection.java:47)
	at sun.reflect.NativeConstructorAccessorImpl.newInstance0(Native Method)
	at sun.reflect.NativeConstructorAccessorImpl.newInstance(NativeConstructorAccessorImpl.java:62)
	at sun.reflect.DelegatingConstructorAccessorImpl.newInstance(DelegatingConstructorAccessorImpl.java:45)
	at java.lang.reflect.Constructor.newInstance(Constructor.java:423)
	at com.mysql.jdbc.Util.handleNewInstance(Util.java:425)
	at com.mysql.jdbc.ConnectionImpl.getInstance(ConnectionImpl.java:386)
	at com.mysql.jdbc.NonRegisteringDriver.connect(NonRegisteringDriver.java:330)
	at com.zaxxer.hikari.util.DriverDataSource.getConnection(DriverDataSource.java:138)
	at com.zaxxer.hikari.pool.PoolBase.newConnection(PoolBase.java:354)
	at com.zaxxer.hikari.pool.PoolBase.newPoolEntry(PoolBase.java:202)
	at com.zaxxer.hikari.pool.HikariPool.createPoolEntry(HikariPool.java:473)
	at com.zaxxer.hikari.pool.HikariPool.checkFailFast(HikariPool.java:554)
	at com.zaxxer.hikari.pool.HikariPool.<init>(HikariPool.java:115)
	at com.zaxxer.hikari.HikariDataSource.getConnection(HikariDataSource.java:112)
	at org.springframework.jdbc.datasource.DataSourceUtils.fetchConnection(DataSourceUtils.java:158)
	at org.springframework.jdbc.datasource.DataSourceUtils.doGetConnection(DataSourceUtils.java:116)
	at org.springframework.jdbc.datasource.DataSourceUtils.getConnection(DataSourceUtils.java:79)
	at org.springframework.jdbc.core.JdbcTemplate.execute(JdbcTemplate.java:324)
	at org.springframework.boot.actuate.jdbc.DataSourceHealthIndicator.getProduct(DataSourceHealthIndicator.java:122)
	at org.springframework.boot.actuate.jdbc.DataSourceHealthIndicator.doDataSourceHealthCheck(DataSourceHealthIndicator.java:107)
	at org.springframework.boot.actuate.jdbc.DataSourceHealthIndicator.doHealthCheck(DataSourceHealthIndicator.java:102)
	at org.springframework.boot.actuate.health.AbstractHealthIndicator.health(AbstractHealthIndicator.java:82)
	at org.springframework.boot.actuate.health.HealthIndicator.getHealth(HealthIndicator.java:37)
	at org.springframework.boot.actuate.health.HealthEndpointWebExtension.getHealth(HealthEndpointWebExtension.java:95)
	at org.springframework.boot.actuate.health.HealthEndpointWebExtension.getHealth(HealthEndpointWebExtension.java:43)
	at org.springframework.boot.actuate.health.HealthEndpointSupport.getContribution(HealthEndpointSupport.java:108)
	at org.springframework.boot.actuate.health.HealthEndpointSupport.getAggregateHealth(HealthEndpointSupport.java:119)
	at org.springframework.boot.actuate.health.HealthEndpointSupport.getContribution(HealthEndpointSupport.java:105)
	at org.springframework.boot.actuate.health.HealthEndpointSupport.getHealth(HealthEndpointSupport.java:83)
	at org.springframework.boot.actuate.health.HealthEndpointSupport.getHealth(HealthEndpointSupport.java:70)
	at org.springframework.boot.actuate.health.HealthEndpointWebExtension.health(HealthEndpointWebExtension.java:81)
	at org.springframework.boot.actuate.health.HealthEndpointWebExtension.health(HealthEndpointWebExtension.java:70)
	at sun.reflect.NativeMethodAccessorImpl.invoke0(Native Method)
	at sun.reflect.NativeMethodAccessorImpl.invoke(NativeMethodAccessorImpl.java:62)
	at sun.reflect.DelegatingMethodAccessorImpl.invoke(DelegatingMethodAccessorImpl.java:43)
	at java.lang.reflect.Method.invoke(Method.java:498)
	at org.springframework.util.ReflectionUtils.invokeMethod(ReflectionUtils.java:282)
	at org.springframework.boot.actuate.endpoint.invoke.reflect.ReflectiveOperationInvoker.invoke(ReflectiveOperationInvoker.java:77)
	at org.springframework.boot.actuate.endpoint.annotation.AbstractDiscoveredOperation.invoke(AbstractDiscoveredOperation.java:60)
	at org.springframework.boot.actuate.endpoint.web.servlet.AbstractWebMvcEndpointHandlerMapping$ServletWebOperationAdapter.handle(AbstractWebMvcEndpointHandlerMapping.java:305)
	at org.springframework.boot.actuate.endpoint.web.servlet.AbstractWebMvcEndpointHandlerMapping$OperationHandler.handle(AbstractWebMvcEndpointHandlerMapping.java:388)
	at sun.reflect.NativeMethodAccessorImpl.invoke0(Native Method)
	at sun.reflect.NativeMethodAccessorImpl.invoke(NativeMethodAccessorImpl.java:62)
	at sun.reflect.DelegatingMethodAccessorImpl.invoke(DelegatingMethodAccessorImpl.java:43)
	at java.lang.reflect.Method.invoke(Method.java:498)
	at org.springframework.web.method.support.InvocableHandlerMethod.doInvoke(InvocableHandlerMethod.java:190)
	at org.springframework.web.method.support.InvocableHandlerMethod.invokeForRequest(InvocableHandlerMethod.java:138)
	at org.springframework.web.servlet.mvc.method.annotation.ServletInvocableHandlerMethod.invokeAndHandle(ServletInvocableHandlerMethod.java:106)
	at org.springframework.web.servlet.mvc.method.annotation.RequestMappingHandlerAdapter.invokeHandlerMethod(RequestMappingHandlerAdapter.java:879)
	at org.springframework.web.servlet.mvc.method.annotation.RequestMappingHandlerAdapter.handleInternal(RequestMappingHandlerAdapter.java:793)
	at org.springframework.web.servlet.mvc.method.AbstractHandlerMethodAdapter.handle(AbstractHandlerMethodAdapter.java:87)
	at org.springframework.web.servlet.DispatcherServlet.doDispatch(DispatcherServlet.java:1040)
	at org.springframework.web.servlet.DispatcherServlet.doService(DispatcherServlet.java:943)
	at org.springframework.web.servlet.FrameworkServlet.processRequest(FrameworkServlet.java:1006)
	at org.springframework.web.servlet.FrameworkServlet.doGet(FrameworkServlet.java:898)
	at javax.servlet.http.HttpServlet.service(HttpServlet.java:634)
	at org.springframework.web.servlet.FrameworkServlet.service(FrameworkServlet.java:883)
	at javax.servlet.http.HttpServlet.service(HttpServlet.java:741)
	at org.apache.catalina.core.ApplicationFilterChain.internalDoFilter(ApplicationFilterChain.java:231)
	at org.apache.catalina.core.ApplicationFilterChain.doFilter(ApplicationFilterChain.java:166)
	at org.apache.tomcat.websocket.server.WsFilter.doFilter(WsFilter.java:53)
	at org.apache.catalina.core.ApplicationFilterChain.internalDoFilter(ApplicationFilterChain.java:193)
	at org.apache.catalina.core.ApplicationFilterChain.doFilter(ApplicationFilterChain.java:166)
	at com.github.xiaoymin.knife4j.spring.filter.ProductionSecurityFilter.doFilter(ProductionSecurityFilter.java:53)
	at org.apache.catalina.core.ApplicationFilterChain.internalDoFilter(ApplicationFilterChain.java:193)
	at org.apache.catalina.core.ApplicationFilterChain.doFilter(ApplicationFilterChain.java:166)
	at com.github.xiaoymin.knife4j.spring.filter.SecurityBasicAuthFilter.doFilter(SecurityBasicAuthFilter.java:87)
	at org.apache.catalina.core.ApplicationFilterChain.internalDoFilter(ApplicationFilterChain.java:193)
	at org.apache.catalina.core.ApplicationFilterChain.doFilter(ApplicationFilterChain.java:166)
	at org.apache.shiro.web.servlet.OncePerRequestFilter.doFilter(OncePerRequestFilter.java:112)
	at org.apache.catalina.core.ApplicationFilterChain.internalDoFilter(ApplicationFilterChain.java:193)
	at org.apache.catalina.core.ApplicationFilterChain.doFilter(ApplicationFilterChain.java:166)
	at org.apache.shiro.web.servlet.ProxiedFilterChain.doFilter(ProxiedFilterChain.java:61)
	at org.apache.shiro.web.servlet.AdviceFilter.executeChain(AdviceFilter.java:108)
	at org.apache.shiro.web.servlet.AdviceFilter.doFilterInternal(AdviceFilter.java:137)
	at org.apache.shiro.web.servlet.OncePerRequestFilter.doFilter(OncePerRequestFilter.java:125)
	at org.apache.shiro.web.servlet.ProxiedFilterChain.doFilter(ProxiedFilterChain.java:66)
	at org.apache.shiro.web.servlet.AbstractShiroFilter.executeChain(AbstractShiroFilter.java:449)
	at org.apache.shiro.web.servlet.AbstractShiroFilter$1.call(AbstractShiroFilter.java:365)
	at org.apache.shiro.subject.support.SubjectCallable.doCall(SubjectCallable.java:90)
	at org.apache.shiro.subject.support.SubjectCallable.call(SubjectCallable.java:83)
	at org.apache.shiro.subject.support.DelegatingSubject.execute(DelegatingSubject.java:387)
	at org.apache.shiro.web.servlet.AbstractShiroFilter.doFilterInternal(AbstractShiroFilter.java:362)
	at org.apache.shiro.web.servlet.OncePerRequestFilter.doFilter(OncePerRequestFilter.java:125)
	at org.springframework.web.filter.DelegatingFilterProxy.invokeDelegate(DelegatingFilterProxy.java:358)
	at org.springframework.web.filter.DelegatingFilterProxy.doFilter(DelegatingFilterProxy.java:271)
	at org.apache.catalina.core.ApplicationFilterChain.internalDoFilter(ApplicationFilterChain.java:193)
	at org.apache.catalina.core.ApplicationFilterChain.doFilter(ApplicationFilterChain.java:166)
	at io.geekidea.springbootplus.framework.core.xss.XssFilter.doFilter(XssFilter.java:43)
	at org.apache.catalina.core.ApplicationFilterChain.internalDoFilter(ApplicationFilterChain.java:193)
	at org.apache.catalina.core.ApplicationFilterChain.doFilter(ApplicationFilterChain.java:166)
	at io.geekidea.springbootplus.framework.core.filter.RequestDetailFilter.doFilter(RequestDetailFilter.java:55)
	at org.apache.catalina.core.ApplicationFilterChain.internalDoFilter(ApplicationFilterChain.java:193)
	at org.apache.catalina.core.ApplicationFilterChain.doFilter(ApplicationFilterChain.java:166)
	at org.springframework.web.filter.RequestContextFilter.doFilterInternal(RequestContextFilter.java:100)
	at org.springframework.web.filter.OncePerRequestFilter.doFilter(OncePerRequestFilter.java:119)
	at org.apache.catalina.core.ApplicationFilterChain.internalDoFilter(ApplicationFilterChain.java:193)
	at org.apache.catalina.core.ApplicationFilterChain.doFilter(ApplicationFilterChain.java:166)
	at org.springframework.web.filter.FormContentFilter.doFilterInternal(FormContentFilter.java:93)
	at org.springframework.web.filter.OncePerRequestFilter.doFilter(OncePerRequestFilter.java:119)
	at org.apache.catalina.core.ApplicationFilterChain.internalDoFilter(ApplicationFilterChain.java:193)
	at org.apache.catalina.core.ApplicationFilterChain.doFilter(ApplicationFilterChain.java:166)
	at org.springframework.boot.actuate.metrics.web.servlet.WebMvcMetricsFilter.doFilterInternal(WebMvcMetricsFilter.java:109)
	at org.springframework.web.filter.OncePerRequestFilter.doFilter(OncePerRequestFilter.java:119)
	at org.apache.catalina.core.ApplicationFilterChain.internalDoFilter(ApplicationFilterChain.java:193)
	at org.apache.catalina.core.ApplicationFilterChain.doFilter(ApplicationFilterChain.java:166)
	at org.springframework.web.filter.CharacterEncodingFilter.doFilterInternal(CharacterEncodingFilter.java:201)
	at org.springframework.web.filter.OncePerRequestFilter.doFilter(OncePerRequestFilter.java:119)
	at org.apache.catalina.core.ApplicationFilterChain.internalDoFilter(ApplicationFilterChain.java:193)
	at org.apache.catalina.core.ApplicationFilterChain.doFilter(ApplicationFilterChain.java:166)
	at org.springframework.web.filter.CorsFilter.doFilterInternal(CorsFilter.java:92)
	at org.springframework.web.filter.OncePerRequestFilter.doFilter(OncePerRequestFilter.java:119)
	at org.apache.catalina.core.ApplicationFilterChain.internalDoFilter(ApplicationFilterChain.java:193)
	at org.apache.catalina.core.ApplicationFilterChain.doFilter(ApplicationFilterChain.java:166)
	at org.apache.catalina.core.StandardWrapperValve.invoke(StandardWrapperValve.java:202)
	at org.apache.catalina.core.StandardContextValve.invoke(StandardContextValve.java:96)
	at org.apache.catalina.authenticator.AuthenticatorBase.invoke(AuthenticatorBase.java:541)
	at org.apache.catalina.core.StandardHostValve.invoke(StandardHostValve.java:139)
	at org.apache.catalina.valves.ErrorReportValve.invoke(ErrorReportValve.java:92)
	at org.apache.catalina.core.StandardEngineValve.invoke(StandardEngineValve.java:74)
	at org.apache.catalina.connector.CoyoteAdapter.service(CoyoteAdapter.java:343)
	at org.apache.coyote.http11.Http11Processor.service(Http11Processor.java:367)
	at org.apache.coyote.AbstractProcessorLight.process(AbstractProcessorLight.java:65)
	at org.apache.coyote.AbstractProtocol$ConnectionHandler.process(AbstractProtocol.java:868)
	at org.apache.tomcat.util.net.NioEndpoint$SocketProcessor.doRun(NioEndpoint.java:1639)
	at org.apache.tomcat.util.net.SocketProcessorBase.run(SocketProcessorBase.java:49)
	at java.util.concurrent.ThreadPoolExecutor.runWorker(ThreadPoolExecutor.java:1149)
	at java.util.concurrent.ThreadPoolExecutor$Worker.run(ThreadPoolExecutor.java:624)
	at org.apache.tomcat.util.threads.TaskThread$WrappingRunnable.run(TaskThread.java:61)
	at java.lang.Thread.run(Thread.java:748)

2021-03-09 16:40:11.508  WARN [http-nio-8888-exec-7] [] o.s.b.a.jdbc.DataSourceHealthIndicator   87 : DataSource health check failed

org.springframework.jdbc.CannotGetJdbcConnectionException: Failed to obtain JDBC Connection; nested exception is java.sql.SQLException: Access denied for user 'root'@'172.17.0.1' (using password: YES)
	at org.springframework.jdbc.datasource.DataSourceUtils.getConnection(DataSourceUtils.java:82)
	at org.springframework.jdbc.core.JdbcTemplate.execute(JdbcTemplate.java:324)
	at org.springframework.boot.actuate.jdbc.DataSourceHealthIndicator.getProduct(DataSourceHealthIndicator.java:122)
	at org.springframework.boot.actuate.jdbc.DataSourceHealthIndicator.doDataSourceHealthCheck(DataSourceHealthIndicator.java:107)
	at org.springframework.boot.actuate.jdbc.DataSourceHealthIndicator.doHealthCheck(DataSourceHealthIndicator.java:102)
	at org.springframework.boot.actuate.health.AbstractHealthIndicator.health(AbstractHealthIndicator.java:82)
	at org.springframework.boot.actuate.health.HealthIndicator.getHealth(HealthIndicator.java:37)
	at org.springframework.boot.actuate.health.HealthEndpointWebExtension.getHealth(HealthEndpointWebExtension.java:95)
	at org.springframework.boot.actuate.health.HealthEndpointWebExtension.getHealth(HealthEndpointWebExtension.java:43)
	at org.springframework.boot.actuate.health.HealthEndpointSupport.getContribution(HealthEndpointSupport.java:108)
	at org.springframework.boot.actuate.health.HealthEndpointSupport.getAggregateHealth(HealthEndpointSupport.java:119)
	at org.springframework.boot.actuate.health.HealthEndpointSupport.getContribution(HealthEndpointSupport.java:105)
	at org.springframework.boot.actuate.health.HealthEndpointSupport.getHealth(HealthEndpointSupport.java:83)
	at org.springframework.boot.actuate.health.HealthEndpointSupport.getHealth(HealthEndpointSupport.java:70)
	at org.springframework.boot.actuate.health.HealthEndpointWebExtension.health(HealthEndpointWebExtension.java:81)
	at org.springframework.boot.actuate.health.HealthEndpointWebExtension.health(HealthEndpointWebExtension.java:70)
	at sun.reflect.NativeMethodAccessorImpl.invoke0(Native Method)
	at sun.reflect.NativeMethodAccessorImpl.invoke(NativeMethodAccessorImpl.java:62)
	at sun.reflect.DelegatingMethodAccessorImpl.invoke(DelegatingMethodAccessorImpl.java:43)
	at java.lang.reflect.Method.invoke(Method.java:498)
	at org.springframework.util.ReflectionUtils.invokeMethod(ReflectionUtils.java:282)
	at org.springframework.boot.actuate.endpoint.invoke.reflect.ReflectiveOperationInvoker.invoke(ReflectiveOperationInvoker.java:77)
	at org.springframework.boot.actuate.endpoint.annotation.AbstractDiscoveredOperation.invoke(AbstractDiscoveredOperation.java:60)
	at org.springframework.boot.actuate.endpoint.web.servlet.AbstractWebMvcEndpointHandlerMapping$ServletWebOperationAdapter.handle(AbstractWebMvcEndpointHandlerMapping.java:305)
	at org.springframework.boot.actuate.endpoint.web.servlet.AbstractWebMvcEndpointHandlerMapping$OperationHandler.handle(AbstractWebMvcEndpointHandlerMapping.java:388)
	at sun.reflect.NativeMethodAccessorImpl.invoke0(Native Method)
	at sun.reflect.NativeMethodAccessorImpl.invoke(NativeMethodAccessorImpl.java:62)
	at sun.reflect.DelegatingMethodAccessorImpl.invoke(DelegatingMethodAccessorImpl.java:43)
	at java.lang.reflect.Method.invoke(Method.java:498)
	at org.springframework.web.method.support.InvocableHandlerMethod.doInvoke(InvocableHandlerMethod.java:190)
	at org.springframework.web.method.support.InvocableHandlerMethod.invokeForRequest(InvocableHandlerMethod.java:138)
	at org.springframework.web.servlet.mvc.method.annotation.ServletInvocableHandlerMethod.invokeAndHandle(ServletInvocableHandlerMethod.java:106)
	at org.springframework.web.servlet.mvc.method.annotation.RequestMappingHandlerAdapter.invokeHandlerMethod(RequestMappingHandlerAdapter.java:879)
	at org.springframework.web.servlet.mvc.method.annotation.RequestMappingHandlerAdapter.handleInternal(RequestMappingHandlerAdapter.java:793)
	at org.springframework.web.servlet.mvc.method.AbstractHandlerMethodAdapter.handle(AbstractHandlerMethodAdapter.java:87)
	at org.springframework.web.servlet.DispatcherServlet.doDispatch(DispatcherServlet.java:1040)
	at org.springframework.web.servlet.DispatcherServlet.doService(DispatcherServlet.java:943)
	at org.springframework.web.servlet.FrameworkServlet.processRequest(FrameworkServlet.java:1006)
	at org.springframework.web.servlet.FrameworkServlet.doGet(FrameworkServlet.java:898)
	at javax.servlet.http.HttpServlet.service(HttpServlet.java:634)
	at org.springframework.web.servlet.FrameworkServlet.service(FrameworkServlet.java:883)
	at javax.servlet.http.HttpServlet.service(HttpServlet.java:741)
	at org.apache.catalina.core.ApplicationFilterChain.internalDoFilter(ApplicationFilterChain.java:231)
	at org.apache.catalina.core.ApplicationFilterChain.doFilter(ApplicationFilterChain.java:166)
	at org.apache.tomcat.websocket.server.WsFilter.doFilter(WsFilter.java:53)
	at org.apache.catalina.core.ApplicationFilterChain.internalDoFilter(ApplicationFilterChain.java:193)
	at org.apache.catalina.core.ApplicationFilterChain.doFilter(ApplicationFilterChain.java:166)
	at com.github.xiaoymin.knife4j.spring.filter.ProductionSecurityFilter.doFilter(ProductionSecurityFilter.java:53)
	at org.apache.catalina.core.ApplicationFilterChain.internalDoFilter(ApplicationFilterChain.java:193)
	at org.apache.catalina.core.ApplicationFilterChain.doFilter(ApplicationFilterChain.java:166)
	at com.github.xiaoymin.knife4j.spring.filter.SecurityBasicAuthFilter.doFilter(SecurityBasicAuthFilter.java:87)
	at org.apache.catalina.core.ApplicationFilterChain.internalDoFilter(ApplicationFilterChain.java:193)
	at org.apache.catalina.core.ApplicationFilterChain.doFilter(ApplicationFilterChain.java:166)
	at org.apache.shiro.web.servlet.OncePerRequestFilter.doFilter(OncePerRequestFilter.java:112)
	at org.apache.catalina.core.ApplicationFilterChain.internalDoFilter(ApplicationFilterChain.java:193)
	at org.apache.catalina.core.ApplicationFilterChain.doFilter(ApplicationFilterChain.java:166)
	at org.apache.shiro.web.servlet.ProxiedFilterChain.doFilter(ProxiedFilterChain.java:61)
	at org.apache.shiro.web.servlet.AdviceFilter.executeChain(AdviceFilter.java:108)
	at org.apache.shiro.web.servlet.AdviceFilter.doFilterInternal(AdviceFilter.java:137)
	at org.apache.shiro.web.servlet.OncePerRequestFilter.doFilter(OncePerRequestFilter.java:125)
	at org.apache.shiro.web.servlet.ProxiedFilterChain.doFilter(ProxiedFilterChain.java:66)
	at org.apache.shiro.web.servlet.AbstractShiroFilter.executeChain(AbstractShiroFilter.java:449)
	at org.apache.shiro.web.servlet.AbstractShiroFilter$1.call(AbstractShiroFilter.java:365)
	at org.apache.shiro.subject.support.SubjectCallable.doCall(SubjectCallable.java:90)
	at org.apache.shiro.subject.support.SubjectCallable.call(SubjectCallable.java:83)
	at org.apache.shiro.subject.support.DelegatingSubject.execute(DelegatingSubject.java:387)
	at org.apache.shiro.web.servlet.AbstractShiroFilter.doFilterInternal(AbstractShiroFilter.java:362)
	at org.apache.shiro.web.servlet.OncePerRequestFilter.doFilter(OncePerRequestFilter.java:125)
	at org.springframework.web.filter.DelegatingFilterProxy.invokeDelegate(DelegatingFilterProxy.java:358)
	at org.springframework.web.filter.DelegatingFilterProxy.doFilter(DelegatingFilterProxy.java:271)
	at org.apache.catalina.core.ApplicationFilterChain.internalDoFilter(ApplicationFilterChain.java:193)
	at org.apache.catalina.core.ApplicationFilterChain.doFilter(ApplicationFilterChain.java:166)
	at io.geekidea.springbootplus.framework.core.xss.XssFilter.doFilter(XssFilter.java:43)
	at org.apache.catalina.core.ApplicationFilterChain.internalDoFilter(ApplicationFilterChain.java:193)
	at org.apache.catalina.core.ApplicationFilterChain.doFilter(ApplicationFilterChain.java:166)
	at io.geekidea.springbootplus.framework.core.filter.RequestDetailFilter.doFilter(RequestDetailFilter.java:55)
	at org.apache.catalina.core.ApplicationFilterChain.internalDoFilter(ApplicationFilterChain.java:193)
	at org.apache.catalina.core.ApplicationFilterChain.doFilter(ApplicationFilterChain.java:166)
	at org.springframework.web.filter.RequestContextFilter.doFilterInternal(RequestContextFilter.java:100)
	at org.springframework.web.filter.OncePerRequestFilter.doFilter(OncePerRequestFilter.java:119)
	at org.apache.catalina.core.ApplicationFilterChain.internalDoFilter(ApplicationFilterChain.java:193)
	at org.apache.catalina.core.ApplicationFilterChain.doFilter(ApplicationFilterChain.java:166)
	at org.springframework.web.filter.FormContentFilter.doFilterInternal(FormContentFilter.java:93)
	at org.springframework.web.filter.OncePerRequestFilter.doFilter(OncePerRequestFilter.java:119)
	at org.apache.catalina.core.ApplicationFilterChain.internalDoFilter(ApplicationFilterChain.java:193)
	at org.apache.catalina.core.ApplicationFilterChain.doFilter(ApplicationFilterChain.java:166)
	at org.springframework.boot.actuate.metrics.web.servlet.WebMvcMetricsFilter.doFilterInternal(WebMvcMetricsFilter.java:109)
	at org.springframework.web.filter.OncePerRequestFilter.doFilter(OncePerRequestFilter.java:119)
	at org.apache.catalina.core.ApplicationFilterChain.internalDoFilter(ApplicationFilterChain.java:193)
	at org.apache.catalina.core.ApplicationFilterChain.doFilter(ApplicationFilterChain.java:166)
	at org.springframework.web.filter.CharacterEncodingFilter.doFilterInternal(CharacterEncodingFilter.java:201)
	at org.springframework.web.filter.OncePerRequestFilter.doFilter(OncePerRequestFilter.java:119)
	at org.apache.catalina.core.ApplicationFilterChain.internalDoFilter(ApplicationFilterChain.java:193)
	at org.apache.catalina.core.ApplicationFilterChain.doFilter(ApplicationFilterChain.java:166)
	at org.springframework.web.filter.CorsFilter.doFilterInternal(CorsFilter.java:92)
	at org.springframework.web.filter.OncePerRequestFilter.doFilter(OncePerRequestFilter.java:119)
	at org.apache.catalina.core.ApplicationFilterChain.internalDoFilter(ApplicationFilterChain.java:193)
	at org.apache.catalina.core.ApplicationFilterChain.doFilter(ApplicationFilterChain.java:166)
	at org.apache.catalina.core.StandardWrapperValve.invoke(StandardWrapperValve.java:202)
	at org.apache.catalina.core.StandardContextValve.invoke(StandardContextValve.java:96)
	at org.apache.catalina.authenticator.AuthenticatorBase.invoke(AuthenticatorBase.java:541)
	at org.apache.catalina.core.StandardHostValve.invoke(StandardHostValve.java:139)
	at org.apache.catalina.valves.ErrorReportValve.invoke(ErrorReportValve.java:92)
	at org.apache.catalina.core.StandardEngineValve.invoke(StandardEngineValve.java:74)
	at org.apache.catalina.connector.CoyoteAdapter.service(CoyoteAdapter.java:343)
	at org.apache.coyote.http11.Http11Processor.service(Http11Processor.java:367)
	at org.apache.coyote.AbstractProcessorLight.process(AbstractProcessorLight.java:65)
	at org.apache.coyote.AbstractProtocol$ConnectionHandler.process(AbstractProtocol.java:868)
	at org.apache.tomcat.util.net.NioEndpoint$SocketProcessor.doRun(NioEndpoint.java:1639)
	at org.apache.tomcat.util.net.SocketProcessorBase.run(SocketProcessorBase.java:49)
	at java.util.concurrent.ThreadPoolExecutor.runWorker(ThreadPoolExecutor.java:1149)
	at java.util.concurrent.ThreadPoolExecutor$Worker.run(ThreadPoolExecutor.java:624)
	at org.apache.tomcat.util.threads.TaskThread$WrappingRunnable.run(TaskThread.java:61)
	at java.lang.Thread.run(Thread.java:748)
Caused by: java.sql.SQLException: Access denied for user 'root'@'172.17.0.1' (using password: YES)
	at com.mysql.jdbc.SQLError.createSQLException(SQLError.java:965)
	at com.mysql.jdbc.MysqlIO.checkErrorPacket(MysqlIO.java:3978)
	at com.mysql.jdbc.MysqlIO.checkErrorPacket(MysqlIO.java:3914)
	at com.mysql.jdbc.MysqlIO.checkErrorPacket(MysqlIO.java:871)
	at com.mysql.jdbc.MysqlIO.proceedHandshakeWithPluggableAuthentication(MysqlIO.java:1714)
	at com.mysql.jdbc.MysqlIO.doHandshake(MysqlIO.java:1224)
	at com.mysql.jdbc.ConnectionImpl.coreConnect(ConnectionImpl.java:2199)
	at com.mysql.jdbc.ConnectionImpl.connectOneTryOnly(ConnectionImpl.java:2230)
	at com.mysql.jdbc.ConnectionImpl.createNewIO(ConnectionImpl.java:2025)
	at com.mysql.jdbc.ConnectionImpl.<init>(ConnectionImpl.java:778)
	at com.mysql.jdbc.JDBC4Connection.<init>(JDBC4Connection.java:47)
	at sun.reflect.NativeConstructorAccessorImpl.newInstance0(Native Method)
	at sun.reflect.NativeConstructorAccessorImpl.newInstance(NativeConstructorAccessorImpl.java:62)
	at sun.reflect.DelegatingConstructorAccessorImpl.newInstance(DelegatingConstructorAccessorImpl.java:45)
	at java.lang.reflect.Constructor.newInstance(Constructor.java:423)
	at com.mysql.jdbc.Util.handleNewInstance(Util.java:425)
	at com.mysql.jdbc.ConnectionImpl.getInstance(ConnectionImpl.java:386)
	at com.mysql.jdbc.NonRegisteringDriver.connect(NonRegisteringDriver.java:330)
	at com.zaxxer.hikari.util.DriverDataSource.getConnection(DriverDataSource.java:138)
	at com.zaxxer.hikari.pool.PoolBase.newConnection(PoolBase.java:354)
	at com.zaxxer.hikari.pool.PoolBase.newPoolEntry(PoolBase.java:202)
	at com.zaxxer.hikari.pool.HikariPool.createPoolEntry(HikariPool.java:473)
	at com.zaxxer.hikari.pool.HikariPool.checkFailFast(HikariPool.java:554)
	at com.zaxxer.hikari.pool.HikariPool.<init>(HikariPool.java:115)
	at com.zaxxer.hikari.HikariDataSource.getConnection(HikariDataSource.java:112)
	at org.springframework.jdbc.datasource.DataSourceUtils.fetchConnection(DataSourceUtils.java:158)
	at org.springframework.jdbc.datasource.DataSourceUtils.doGetConnection(DataSourceUtils.java:116)
	at org.springframework.jdbc.datasource.DataSourceUtils.getConnection(DataSourceUtils.java:79)
	... 113 common frames omitted

2021-03-09 16:40:54.649  INFO [SpringContextShutdownHook] [] o.s.s.c.ThreadPoolTaskScheduler          218 : Shutting down ExecutorService 'taskScheduler'
2021-03-09 16:40:54.667  INFO [SpringContextShutdownHook] [] o.s.s.c.ThreadPoolTaskScheduler          218 : Shutting down ExecutorService
2021-03-09 16:40:54.669  INFO [SpringContextShutdownHook] [] o.s.s.concurrent.ThreadPoolTaskExecutor  218 : Shutting down ExecutorService 'applicationTaskExecutor'
2021-03-09 16:40:58.033  INFO [SpringContextShutdownHook] [] i.g.s.framework.core.xss.XssFilter       48 : XssFilter destroy
2021-03-09 16:40:58.033  INFO [SpringContextShutdownHook] [] i.g.s.f.core.filter.RequestDetailFilter  62 : RequestDetailFilter destroy
2021-03-09 16:41:12.854  INFO [main] [] i.g.s.SpringBootPlusApplication          55 : Starting SpringBootPlusApplication on liubingnadeMacBook-Pro.local with PID 5224 (/Users/liubingna/nana/java/projects/spring-boot-plus/bootstrap/target/classes started by liubingna in /Users/liubingna/nana/java/projects/spring-boot-plus)
2021-03-09 16:41:12.858 DEBUG [main] [] i.g.s.SpringBootPlusApplication          56 : Running with Spring Boot v2.2.5.RELEASE, Spring v5.2.4.RELEASE
2021-03-09 16:41:12.859  INFO [main] [] i.g.s.SpringBootPlusApplication          655 : The following profiles are active: dev
2021-03-09 16:41:14.297  INFO [main] [] .s.d.r.c.RepositoryConfigurationDelegate 249 : Multiple Spring Data modules found, entering strict repository configuration mode!
2021-03-09 16:41:14.302  INFO [main] [] .s.d.r.c.RepositoryConfigurationDelegate 127 : Bootstrapping Spring Data Redis repositories in DEFAULT mode.
2021-03-09 16:41:14.390  INFO [main] [] .s.d.r.c.RepositoryConfigurationDelegate 187 : Finished Spring Data repository scanning in 63ms. Found 0 Redis repository interfaces.
2021-03-09 16:41:14.745  INFO [main] [] trationDelegate$BeanPostProcessorChecker 330 : Bean 'shiroConfig' of type [io.geekidea.springbootplus.config.ShiroConfig$$EnhancerBySpringCGLIB$$5f06712f] is not eligible for getting processed by all BeanPostProcessors (for example: not eligible for auto-proxying)
2021-03-09 16:41:14.803  INFO [main] [] trationDelegate$BeanPostProcessorChecker 330 : Bean 'jwtProperties' of type [io.geekidea.springbootplus.config.properties.JwtProperties] is not eligible for getting processed by all BeanPostProcessors (for example: not eligible for auto-proxying)
2021-03-09 16:41:14.805  INFO [main] [] trationDelegate$BeanPostProcessorChecker 330 : Bean 'redisTemplateConfig' of type [io.geekidea.springbootplus.config.RedisTemplateConfig$$EnhancerBySpringCGLIB$$7fd555d3] is not eligible for getting processed by all BeanPostProcessors (for example: not eligible for auto-proxying)
2021-03-09 16:41:14.812  INFO [main] [] trationDelegate$BeanPostProcessorChecker 330 : Bean 'spring.redis-org.springframework.boot.autoconfigure.data.redis.RedisProperties' of type [org.springframework.boot.autoconfigure.data.redis.RedisProperties] is not eligible for getting processed by all BeanPostProcessors (for example: not eligible for auto-proxying)
2021-03-09 16:41:14.816  INFO [main] [] trationDelegate$BeanPostProcessorChecker 330 : Bean 'org.springframework.boot.autoconfigure.data.redis.LettuceConnectionConfiguration' of type [org.springframework.boot.autoconfigure.data.redis.LettuceConnectionConfiguration] is not eligible for getting processed by all BeanPostProcessors (for example: not eligible for auto-proxying)
2021-03-09 16:41:14.890  INFO [main] [] trationDelegate$BeanPostProcessorChecker 330 : Bean 'lettuceClientResources' of type [io.lettuce.core.resource.DefaultClientResources] is not eligible for getting processed by all BeanPostProcessors (for example: not eligible for auto-proxying)
2021-03-09 16:41:14.993  INFO [main] [] trationDelegate$BeanPostProcessorChecker 330 : Bean 'redisConnectionFactory' of type [org.springframework.data.redis.connection.lettuce.LettuceConnectionFactory] is not eligible for getting processed by all BeanPostProcessors (for example: not eligible for auto-proxying)
2021-03-09 16:41:15.192  INFO [main] [] trationDelegate$BeanPostProcessorChecker 330 : Bean 'redisTemplate' of type [org.springframework.data.redis.core.RedisTemplate] is not eligible for getting processed by all BeanPostProcessors (for example: not eligible for auto-proxying)
2021-03-09 16:41:15.192  INFO [main] [] trationDelegate$BeanPostProcessorChecker 330 : Bean 'loginRedisServiceImpl' of type [io.geekidea.springbootplus.framework.shiro.cache.impl.LoginRedisServiceImpl] is not eligible for getting processed by all BeanPostProcessors (for example: not eligible for auto-proxying)
2021-03-09 16:41:15.379  INFO [main] [] trationDelegate$BeanPostProcessorChecker 330 : Bean 'credentialsMatcher' of type [io.geekidea.springbootplus.framework.shiro.jwt.JwtCredentialsMatcher] is not eligible for getting processed by all BeanPostProcessors (for example: not eligible for auto-proxying)
2021-03-09 16:41:15.383  INFO [main] [] trationDelegate$BeanPostProcessorChecker 330 : Bean 'jwtRealm' of type [io.geekidea.springbootplus.framework.shiro.jwt.JwtRealm] is not eligible for getting processed by all BeanPostProcessors (for example: not eligible for auto-proxying)
2021-03-09 16:41:15.384  INFO [main] [] trationDelegate$BeanPostProcessorChecker 330 : Bean 'sessionStorageEvaluator' of type [org.apache.shiro.web.mgt.DefaultWebSessionStorageEvaluator] is not eligible for getting processed by all BeanPostProcessors (for example: not eligible for auto-proxying)
2021-03-09 16:41:15.385  INFO [main] [] trationDelegate$BeanPostProcessorChecker 330 : Bean 'subjectDAO' of type [org.apache.shiro.mgt.DefaultSubjectDAO] is not eligible for getting processed by all BeanPostProcessors (for example: not eligible for auto-proxying)
2021-03-09 16:41:15.389  INFO [main] [] trationDelegate$BeanPostProcessorChecker 330 : Bean 'securityManager' of type [org.apache.shiro.web.mgt.DefaultWebSecurityManager] is not eligible for getting processed by all BeanPostProcessors (for example: not eligible for auto-proxying)
2021-03-09 16:41:15.418  INFO [main] [] trationDelegate$BeanPostProcessorChecker 330 : Bean 'shiroLoginServiceImpl' of type [io.geekidea.springbootplus.framework.shiro.service.impl.ShiroLoginServiceImpl] is not eligible for getting processed by all BeanPostProcessors (for example: not eligible for auto-proxying)
2021-03-09 16:41:15.426  INFO [main] [] trationDelegate$BeanPostProcessorChecker 330 : Bean 'spring-boot-plus.shiro-io.geekidea.springbootplus.config.properties.ShiroProperties' of type [io.geekidea.springbootplus.config.properties.ShiroProperties] is not eligible for getting processed by all BeanPostProcessors (for example: not eligible for auto-proxying)
2021-03-09 16:41:15.469 DEBUG [main] [] i.g.springbootplus.config.ShiroConfig    186 : anonList:[["/login","/logout"],["/static/**","/templates/**"],["/swagger-ui.html","/docs","/doc.html","/swagger-resources/**","/webjars/**","/v2/api-docs","/csrf","/v2/api-docs-ext","/null/swagger-resources/**"],["/actuator/**"],[],["/","/index.html"],["/hello/world","/fooBar/**","/exampleOrder/**"]]
2021-03-09 16:41:15.492 DEBUG [main] [] i.g.springbootplus.config.ShiroConfig    201 : definitions:{"/enum":"anon","/resource/**":"anon","/verificationCode/**":"anon","/upload/**":"anon","/getSysUserInfo":"anon"}
2021-03-09 16:41:15.492 DEBUG [main] [] i.g.springbootplus.config.ShiroConfig    209 : permissionConfigs:null
2021-03-09 16:41:15.493 DEBUG [main] [] i.g.springbootplus.config.ShiroConfig    240 : filterChainMap:{"/login":"anon","/logout":"anon","/static/**":"anon","/templates/**":"anon","/swagger-ui.html":"anon","/docs":"anon","/doc.html":"anon","/swagger-resources/**":"anon","/webjars/**":"anon","/v2/api-docs":"anon","/csrf":"anon","/v2/api-docs-ext":"anon","/null/swagger-resources/**":"anon","/actuator/**":"anon","/":"anon","/index.html":"anon","/hello/world":"anon","/fooBar/**":"anon","/exampleOrder/**":"anon","/verificationCode/**":"anon","/getSysUserInfo":"anon","/enum":"anon","/resource/**":"anon","/upload/**":"anon","/**":"jwtFilter"}
2021-03-09 16:41:15.528  INFO [main] [] trationDelegate$BeanPostProcessorChecker 330 : Bean 'authorizationAttributeSourceAdvisor' of type [org.apache.shiro.spring.security.interceptor.AuthorizationAttributeSourceAdvisor] is not eligible for getting processed by all BeanPostProcessors (for example: not eligible for auto-proxying)
2021-03-09 16:41:15.789  INFO [main] [] trationDelegate$BeanPostProcessorChecker 330 : Bean 'redisCacheConfig' of type [io.geekidea.springbootplus.config.RedisCacheConfig$$EnhancerBySpringCGLIB$$23bfd509] is not eligible for getting processed by all BeanPostProcessors (for example: not eligible for auto-proxying)
2021-03-09 16:41:16.103  INFO [main] [] o.s.b.w.embedded.tomcat.TomcatWebServer  92 : Tomcat initialized with port(s): 8888 (http)
2021-03-09 16:41:16.111  INFO [main] [] o.a.coyote.http11.Http11NioProtocol      173 : Initializing ProtocolHandler ["http-nio-8888"]
2021-03-09 16:41:16.111  INFO [main] [] o.apache.catalina.core.StandardService   173 : Starting service [Tomcat]
2021-03-09 16:41:16.111  INFO [main] [] org.apache.catalina.core.StandardEngine  173 : Starting Servlet engine: [Apache Tomcat/9.0.31]
2021-03-09 16:41:16.186  INFO [main] [] o.a.c.c.C.[Tomcat].[localhost].[/api]    173 : Initializing Spring embedded WebApplicationContext
2021-03-09 16:41:16.186  INFO [main] [] o.s.web.context.ContextLoader            284 : Root WebApplicationContext: initialization completed in 3251 ms
2021-03-09 16:41:16.209 DEBUG [main] [] i.g.s.config.SpringBootPlusCorsConfig    49 : corsProperties:SpringBootPlusCorsProperties(enable=true, path=/**, allowedOrigins=[*], allowedHeaders=[*], allowCredentials=true, allowedMethods=[OPTION, GET, POST], exposedHeaders=[token], maxAge=1800)
2021-03-09 16:41:16.281 DEBUG [main] [] i.g.s.config.SpringBootPlusWebMvcConfig  150 : SpringBootPlusProperties：{"allowDownloadFileExtensions":["jpg","png","docx","xlsx","pptx","pdf"],"allowUploadFileExtensions":["jpg","png","docx","xlsx","pptx","pdf"],"cors":{"allowCredentials":true,"allowedHeaders":["*"],"allowedMethods":["OPTION","GET","POST"],"allowedOrigins":["*"],"enable":true,"exposedHeaders":["token"],"maxAge":1800,"path":"/**"},"enableAnsi":true,"enableVerifyCode":false,"enumPackages":["com.example.foorbar.enums"],"filter":{"request":{"async":true,"enable":true,"order":1,"urlPatterns":["/*"]},"xss":{"async":true,"enable":true,"order":2,"urlPatterns":["/*"]}},"interceptor":{"download":{"enable":false,"excludePaths":[],"includePaths":["/download/**"]},"permission":{"enable":false,"excludePaths":[],"includePaths":["/**"]},"resource":{"enable":false,"excludePaths":[],"includePaths":["/resource/**"]},"springbootadmin":{"enable":false,"excludePaths":[],"includePaths":[]},"upload":{"enable":false,"excludePaths":[],"includePaths":["/upload/**"]}},"jwt":{"audience":"web","expireSecond":36000,"issuer":"spring-boot-plus","redisCheck":true,"refreshToken":true,"refreshTokenCountdown":600,"saltCheck":true,"secret":"666666","singleLogin":false,"tokenName":"token"},"loginInitHead":"http://127.0.0.1:8888/api/resource/logo.png","loginInitPassword":"admin","loginInitSalt":"666666","resourceAccessPath":"/resource/","resourceAccessPatterns":"/resource/**","resourceAccessUrl":"http://127.0.0.1:8888/api/resource/","resourceHandlers":"/static/**=classpath:/static/\nswagger-ui.html=classpath:/META-INF/resources/\n/webjars/**=classpath:/META-INF/resources/webjars/\ndoc.html=classpath:/META-INF/resources/\n","serverIp":"127.0.0.1","shiro":{"anon":[["/login","/logout"],["/static/**","/templates/**"],["/swagger-ui.html","/docs","/doc.html","/swagger-resources/**","/webjars/**","/v2/api-docs","/csrf","/v2/api-docs-ext","/null/swagger-resources/**"],["/actuator/**"],[],["/","/index.html"],["/hello/world","/fooBar/**","/exampleOrder/**"]],"enable":true,"filterChainDefinitions":"/resource/**=anon\n/upload/**=anon\n/verificationCode/**=anon\n/enum=anon\n/getSysUserInfo=anon\n"},"swaggerPaths":["/swagger-ui.html","/docs","/doc.html","/swagger-resources/**","/webjars/**","/v2/api-docs","/csrf","/v2/api-docs-ext","/null/swagger-resources/**"],"uploadPath":"/opt/upload/"}
2021-03-09 16:41:16.878  INFO [main] [] o.s.b.a.e.web.ServletEndpointRegistrar   75 : Registered '/actuator/jolokia' to jolokia-actuator-endpoint
2021-03-09 16:41:16.890  INFO [main] [] i.g.s.framework.core.xss.XssFilter       36 : XssFilter init
2021-03-09 16:41:16.891  INFO [main] [] i.g.s.f.core.filter.RequestDetailFilter  39 : RequestDetailFilter init
2021-03-09 16:41:17.838 DEBUG [main] [] i.g.s.framework.log.aop.BaseLogAop       171 : logAopConfig = SpringBootPlusAopProperties.LogAopConfig(enableRequestId=true, logPrintType=ORDER, requestIdType=IDWORK, requestLogFormat=true, responseLogFormat=true, excludePaths=[/, /csrf])
2021-03-09 16:41:17.838 DEBUG [main] [] i.g.s.framework.log.aop.BaseLogAop       172 : logPrintType = ORDER
2021-03-09 16:41:17.839 DEBUG [main] [] i.g.s.framework.log.aop.BaseLogAop       173 : enableRequestId = true
2021-03-09 16:41:17.839 DEBUG [main] [] i.g.s.framework.log.aop.BaseLogAop       174 : requestIdType = IDWORK
2021-03-09 16:41:17.839 DEBUG [main] [] i.g.s.framework.log.aop.BaseLogAop       175 : operationLogConfig = SpringBootPlusAopProperties.OperationLogConfig(enable=true, excludePaths=[])
2021-03-09 16:41:17.839 DEBUG [main] [] i.g.s.framework.log.aop.BaseLogAop       176 : loginLogConfig = SpringBootPlusAopProperties.LoginLogConfig(enable=true, loginPath=/login, logoutPath=/logout)
2021-03-09 16:41:17.839 DEBUG [main] [] i.g.s.framework.log.aop.BaseLogAop       177 : contextPath = /api
2021-03-09 16:41:17.875 DEBUG [main] [] i.g.s.f.c.controller.EnumController      75 : enumPackages:[com.example.foorbar.enums, io.geekidea.springbootplus.framework.common.enums, io.geekidea.springbootplus.system.enums]
2021-03-09 16:41:17.915  INFO [main] [] org.reflections.Reflections              228 : Reflections took 24 ms to scan 2 urls, producing 2 keys and 4 values 
2021-03-09 16:41:17.932 DEBUG [main] [] i.g.s.f.c.controller.EnumController      97 : enumMap:{io.geekidea.springbootplus.system.enums.StateEnum={0=EnumVo(code=0, desc=禁用, baseEnum=DISABLE), 1=EnumVo(code=1, desc=启用, baseEnum=ENABLE)}, io.geekidea.springbootplus.system.enums.MenuLevelEnum={1=EnumVo(code=1, desc=一级菜单, baseEnum=ONE), 2=EnumVo(code=2, desc=二级菜单, baseEnum=TWO), 3=EnumVo(code=3, desc=功能菜单, baseEnum=THREE)}}
2021-03-09 16:41:17.952 DEBUG [main] [] i.g.s.framework.shiro.util.JwtTokenUtil  42 : tokenName:token
2021-03-09 16:41:17.955  INFO [main] [] i.g.s.framework.shiro.util.JwtUtil       51 : {"audience":"web","expireSecond":36000,"issuer":"spring-boot-plus","redisCheck":true,"refreshToken":true,"refreshTokenCountdown":600,"saltCheck":true,"secret":"666666","singleLogin":false,"tokenName":"token"}
2021-03-09 16:41:17.966 DEBUG [main] [] i.g.s.c.p.SpringBootPlusStaticProperties 45 : INFO_PROJECT_VERSION:2.0
2021-03-09 16:41:18.972  INFO [main] [] o.s.b.a.e.web.EndpointLinksResolver      58 : Exposing 15 endpoint(s) beneath base path '/actuator'
2021-03-09 16:41:19.157  INFO [main] [] pertySourcedRequestMappingHandlerMapping 69 : Mapped URL path [/v2/api-docs] onto method [springfox.documentation.swagger2.web.Swagger2Controller#getDocumentation(String, HttpServletRequest)]
2021-03-09 16:41:19.188 DEBUG [main] [] i.g.s.config.Swagger2Config              155 : swaggerProperties = SwaggerProperties(enable=true, basePackage=io.geekidea.springbootplus,com.example, contactEmail=geekidea@qq.com, contactName=springboot.plus, contactUrl=https://springboot.plus, description=, title=spring-boot-plus API Documents, url=https://springboot.plus, version=2.0, parameterConfig=[SwaggerProperties.ParameterConfig(name=token, description=Token Request Header, type=header, dataType=String, required=false, defaultValue=)])
2021-03-09 16:41:19.188  INFO [main] [] i.g.s.config.Swagger2Config              166 : swagger scan basePackages:[io.geekidea.springbootplus, com.example]
2021-03-09 16:41:19.399  INFO [main] [] o.s.s.concurrent.ThreadPoolTaskExecutor  181 : Initializing ExecutorService 'applicationTaskExecutor'
2021-03-09 16:41:19.466  INFO [main] [] o.s.b.a.w.s.WelcomePageHandlerMapping    54 : Adding welcome page: class path resource [static/index.html]
2021-03-09 16:41:19.583  INFO [main] [] o.s.s.c.ThreadPoolTaskScheduler          181 : Initializing ExecutorService
2021-03-09 16:41:20.248  INFO [main] [] o.s.s.c.ThreadPoolTaskScheduler          181 : Initializing ExecutorService 'taskScheduler'
2021-03-09 16:41:20.352  INFO [main] [] d.s.w.p.DocumentationPluginsBootstrapper 160 : Context refreshed
2021-03-09 16:41:20.360  INFO [main] [] d.s.w.p.DocumentationPluginsBootstrapper 163 : Found 1 custom documentation plugin(s)
2021-03-09 16:41:20.396  INFO [main] [] s.d.s.w.s.ApiListingReferenceScanner     41 : Scanning for api listing references
2021-03-09 16:41:23.188  INFO [main] [] .d.s.w.r.o.CachingOperationNameGenerator 40 : Generating unique operation named: getSysUserUsingGET_1
2021-03-09 16:41:23.444  INFO [main] [] o.a.coyote.http11.Http11NioProtocol      173 : Starting ProtocolHandler ["http-nio-8888"]
2021-03-09 16:41:23.543  INFO [main] [] o.s.b.w.embedded.tomcat.TomcatWebServer  204 : Tomcat started on port(s): 8888 (http) with context path '/api'
2021-03-09 16:41:23.550  INFO [main] [] i.g.s.SpringBootPlusApplication          61 : Started SpringBootPlusApplication in 11.766 seconds (JVM running for 13.422)
2021-03-09 16:41:23.569  INFO [main] [] i.g.s.f.util.PrintApplicationInfo        90 : projectFinalName : bootstrap-2.0
2021-03-09 16:41:23.569  INFO [main] [] i.g.s.f.util.PrintApplicationInfo        91 : projectVersion : 2.0
2021-03-09 16:41:23.569  INFO [main] [] i.g.s.f.util.PrintApplicationInfo        92 : profileActive : dev
2021-03-09 16:41:23.569  INFO [main] [] i.g.s.f.util.PrintApplicationInfo        93 : contextPath : /api
2021-03-09 16:41:23.569  INFO [main] [] i.g.s.f.util.PrintApplicationInfo        94 : serverIp : 127.0.0.1
2021-03-09 16:41:23.569  INFO [main] [] i.g.s.f.util.PrintApplicationInfo        95 : port : 8888
2021-03-09 16:41:23.570  INFO [main] [] i.g.s.f.util.PrintApplicationInfo        110 : Admin:   http://127.0.0.1:8000
2021-03-09 16:41:23.570  INFO [main] [] i.g.s.f.util.PrintApplicationInfo        111 : Home:    http://127.0.0.1:8888/api
2021-03-09 16:41:23.570  INFO [main] [] i.g.s.f.util.PrintApplicationInfo        112 : Knife4j: http://127.0.0.1:8888/api/doc.html
2021-03-09 16:41:23.570  INFO [main] [] i.g.s.f.util.PrintApplicationInfo        113 : Swagger: http://127.0.0.1:8888/api/swagger-ui.html
2021-03-09 16:41:23.570  INFO [main] [] i.g.s.f.util.PrintApplicationInfo        114 : spring-boot-plus project start success...........
2021-03-09 16:41:23.579  INFO [main] [] i.g.s.f.util.PrintApplicationInfo        116 : 
[2J[34m ____    __                    __        ____                                                   
/\  _`\ /\ \__                /\ \__    /\  _`\                                                 
\ \,\L\_\ \ ,_\    __     _ __\ \ ,_\   \ \,\L\_\  __  __    ___    ___     __    ____    ____  
 \/_\__ \\ \ \/  /'__`\  /\`'__\ \ \/    \/_\__ \ /\ \/\ \  /'___\ /'___\ /'__`\ /',__\  /',__\ 
   /\ \L\ \ \ \_/\ \L\.\_\ \ \/ \ \ \_     /\ \L\ \ \ \_\ \/\ \__//\ \__//\  __//\__, `\/\__, `\
   \ `\____\ \__\ \__/.\_\\ \_\  \ \__\    \ `\____\ \____/\ \____\ \____\ \____\/\____/\/\____/
    \/_____/\/__/\/__/\/_/ \/_/   \/__/     \/_____/\/___/  \/____/\/____/\/____/\/___/  \/___/ 
                                                                                                
                                                                                                [m
2021-03-09 16:41:23.581  INFO [main] [] i.g.s.f.util.PrintApplicationInfo        66 : 
[2J[33m===========================================================================================
                                                                                  
                               !!!准备工作!!!                                      
 1.导入SQL初始化脚本：docs/db，根据不同数据库导入对应SQL脚本并修改链接等信息配置
 2.启动Redis服务，必要条件
 3.启动SpringBootAdmin Server，可选操作，admin模块中，启动SpringBootPlusAdminApplication
 4.根据项目需要，修改项目配置，请先查看官网配置文档：https://springboot.plus/config/
 5.项目模块说明：
    admin：       SpringBootAdmin Server启动模块
    bootstrap：   项目启动模块
    config：      项目配置模块
    distribution：项目打包模块，打包时，请先选中Maven Profiles中的release和对应环境
    example：     业务自定义模块，自己的业务代码可在example下进行，也可以再创建模块
    framework：   项目核心框架模块
    generator：   代码生成模块，启动类：SpringBootPlusGenerator，请根据实际情况进行配置
    scheduled：   任务调度模块
    system：      系统管理模块
 6.FAQ：https://springboot.plus/faq
 7.如开发中遇到bug及问题，欢迎提交ISSUES：https://github.com/geekidea/spring-boot-plus/issues
 8.QQ：625301326，进群答案：springboot.plus
                                                                                  
===========================================================================================
[m
2021-03-09 16:41:24.343  INFO [registrationTask1] [] d.c.b.a.c.r.ApplicationRegistrator       84 : Application registered itself as cf35f0913f7e
2021-03-09 16:41:24.358  INFO [http-nio-8888-exec-2] [] o.a.c.c.C.[Tomcat].[localhost].[/api]    173 : Initializing Spring DispatcherServlet 'dispatcherServlet'
2021-03-09 16:41:24.358  INFO [http-nio-8888-exec-2] [] o.s.web.servlet.DispatcherServlet        525 : Initializing Servlet 'dispatcherServlet'
2021-03-09 16:41:24.401  INFO [http-nio-8888-exec-2] [] o.s.web.servlet.DispatcherServlet        547 : Completed initialization in 41 ms
2021-03-09 16:41:24.531  INFO [http-nio-8888-exec-1] [] com.zaxxer.hikari.HikariDataSource       110 : HikariPool-1 - Starting...
2021-03-09 16:41:24.972  INFO [http-nio-8888-exec-1] [] com.zaxxer.hikari.HikariDataSource       123 : HikariPool-1 - Start completed.
2021-03-09 16:41:25.228  INFO [boundedElastic-1] [] io.lettuce.core.EpollProvider            68 : Starting without optional epoll library
2021-03-09 16:41:25.232  INFO [boundedElastic-1] [] io.lettuce.core.KqueueProvider           70 : Starting without optional kqueue library
2021-03-09 16:57:06.412  INFO [SpringContextShutdownHook] [] o.s.s.c.ThreadPoolTaskScheduler          218 : Shutting down ExecutorService 'taskScheduler'
2021-03-09 16:57:06.782  INFO [SpringContextShutdownHook] [] o.s.s.c.ThreadPoolTaskScheduler          218 : Shutting down ExecutorService
2021-03-09 16:57:06.786  INFO [SpringContextShutdownHook] [] o.s.s.concurrent.ThreadPoolTaskExecutor  218 : Shutting down ExecutorService 'applicationTaskExecutor'
2021-03-09 16:57:06.833  INFO [SpringContextShutdownHook] [] com.zaxxer.hikari.HikariDataSource       350 : HikariPool-1 - Shutdown initiated...
2021-03-09 16:57:07.038  INFO [SpringContextShutdownHook] [] com.zaxxer.hikari.HikariDataSource       352 : HikariPool-1 - Shutdown completed.
2021-03-09 16:57:11.163  INFO [SpringContextShutdownHook] [] i.g.s.framework.core.xss.XssFilter       48 : XssFilter destroy
2021-03-09 16:57:11.206  INFO [SpringContextShutdownHook] [] i.g.s.f.core.filter.RequestDetailFilter  62 : RequestDetailFilter destroy
